{"H:\\Task\\1_job_testing\\project\\my-vue-app\\src\\App.vue": {"path":"H:\\Task\\1_job_testing\\project\\my-vue-app\\src\\App.vue","statementMap":{"0":{"start":{"line":3,"column":0},"end":{"line":5,"column":3}},"1":{"start":{"line":6,"column":12},"end":{"line":6,"column":26}},"2":{"start":{"line":7,"column":22},"end":{"line":7,"column":54}},"3":{"start":{"line":8,"column":26},"end":{"line":8,"column":62}},"4":{"start":{"line":9,"column":13},"end":{"line":9,"column":28}},"5":{"start":{"line":10,"column":0},"end":{"line":22,"column":3}},"6":{"start":{"line":17,"column":16},"end":{"line":17,"column":38}},"7":{"start":{"line":18,"column":4},"end":{"line":20,"column":7}},"8":{"start":{"line":19,"column":6},"end":{"line":19,"column":42}},"9":{"start":{"line":23,"column":0},"end":{"line":23,"column":13}},"10":{"start":{"line":24,"column":0},"end":{"line":24,"column":62}},"11":{"start":{"line":25,"column":0},"end":{"line":25,"column":24}},"12":{"start":{"line":26,"column":12},"end":{"line":26,"column":26}},"13":{"start":{"line":27,"column":17},"end":{"line":27,"column":33}},"14":{"start":{"line":29,"column":33},"end":{"line":29,"column":75}},"15":{"start":{"line":30,"column":33},"end":{"line":30,"column":75}},"16":{"start":{"line":31,"column":4},"end":{"line":58,"column":8}},"17":{"start":{"line":39,"column":62},"end":{"line":41,"column":23}},"18":{"start":{"line":48,"column":62},"end":{"line":50,"column":23}},"19":{"start":{"line":60,"column":1},"end":{"line":60,"column":48}}},"fnMap":{"0":{"name":"(anonymous_0)","decl":{"start":{"line":16,"column":9},"end":{"line":16,"column":10}},"loc":{"start":{"line":16,"column":21},"end":{"line":21,"column":3}},"line":16},"1":{"name":"(anonymous_1)","decl":{"start":{"line":18,"column":25},"end":{"line":18,"column":26}},"loc":{"start":{"line":18,"column":37},"end":{"line":20,"column":5}},"line":18},"2":{"name":"render","decl":{"start":{"line":28,"column":9},"end":{"line":28,"column":15}},"loc":{"start":{"line":28,"column":30},"end":{"line":59,"column":1}},"line":28},"3":{"name":"(anonymous_3)","decl":{"start":{"line":39,"column":48},"end":{"line":39,"column":49}},"loc":{"start":{"line":39,"column":60},"end":{"line":41,"column":25}},"line":39},"4":{"name":"(anonymous_4)","decl":{"start":{"line":48,"column":48},"end":{"line":48,"column":49}},"loc":{"start":{"line":48,"column":60},"end":{"line":50,"column":25}},"line":48}},"branchMap":{"0":{"loc":{"start":{"line":33,"column":12},"end":{"line":33,"column":119}},"type":"binary-expr","locations":[{"start":{"line":33,"column":12},"end":{"line":33,"column":21}},{"start":{"line":33,"column":26},"end":{"line":33,"column":118}}],"line":33},"1":{"loc":{"start":{"line":39,"column":69},"end":{"line":41,"column":22}},"type":"binary-expr","locations":[{"start":{"line":39,"column":69},"end":{"line":39,"column":78}},{"start":{"line":39,"column":83},"end":{"line":41,"column":21}}],"line":39},"2":{"loc":{"start":{"line":48,"column":69},"end":{"line":50,"column":22}},"type":"binary-expr","locations":[{"start":{"line":48,"column":69},"end":{"line":48,"column":78}},{"start":{"line":48,"column":83},"end":{"line":50,"column":21}}],"line":48}},"s":{"0":0,"1":0,"2":0,"3":0,"4":0,"5":0,"6":0,"7":0,"8":0,"9":0,"10":0,"11":0,"12":0,"13":0,"14":0,"15":0,"16":0,"17":0,"18":0,"19":0},"f":{"0":0,"1":0,"2":0,"3":0,"4":0},"b":{"0":[0,0],"1":[0,0],"2":[0,0]},"inputSourceMap":{"0":"{","1":"\"","2":"v","3":"e","4":"r","5":"s","6":"i","7":"o","8":"n","9":"\"","10":":","11":"3","12":",","13":"\"","14":"s","15":"o","16":"u","17":"r","18":"c","19":"e","20":"s","21":"\"","22":":","23":"[","24":"\"","25":"H","26":":","27":"\\","28":"\\","29":"T","30":"a","31":"s","32":"k","33":"\\","34":"\\","35":"1","36":"_","37":"j","38":"o","39":"b","40":"_","41":"t","42":"e","43":"s","44":"t","45":"i","46":"n","47":"g","48":"\\","49":"\\","50":"p","51":"r","52":"o","53":"j","54":"e","55":"c","56":"t","57":"\\","58":"\\","59":"m","60":"y","61":"-","62":"v","63":"u","64":"e","65":"-","66":"a","67":"p","68":"p","69":"\\","70":"\\","71":"s","72":"r","73":"c","74":"\\","75":"\\","76":"A","77":"p","78":"p","79":".","80":"v","81":"u","82":"e","83":"\"","84":"]","85":",","86":"\"","87":"n","88":"a","89":"m","90":"e","91":"s","92":"\"","93":":","94":"[","95":"]","96":",","97":"\"","98":"m","99":"a","100":"p","101":"p","102":"i","103":"n","104":"g","105":"s","106":"\"","107":":","108":"\"","109":";","110":";","111":"A","112":"A","113":"i","114":"B","115":"A","116":",","117":"M","118":"A","119":"A","120":"M","121":",","122":"C","123":"A","124":"A","125":"C","126":",","127":"c","128":"A","129":"A","130":"c","131":",","132":"C","133":"A","134":"A","135":"C","136":",","137":"O","138":"A","139":"A","140":"O","141":",","142":"E","143":"A","144":"A","145":"E","146":",","147":"Y","148":"A","149":"A","150":"Y","151":",","152":"E","153":"A","154":"A","155":"E","156":";","157":"E","158":"A","159":"A","160":"E","161":",","162":"K","163":"A","164":"A","165":"K","166":",","167":"E","168":"A","169":"A","170":"E","171":";","172":"A","173":"A","174":"A","175":"K","176":",","177":"C","178":"A","179":"A","180":"C","181":",","182":"C","183":"A","184":"A","185":"C","186":";","187":"A","188":"A","189":"C","190":"7","191":"D","192":",","193":"I","194":"A","195":"A","196":"I","197":",","198":"K","199":"A","200":"A","201":"K","202":",","203":"G","204":"A","205":"A","206":"G","207":",","208":"O","209":"A","210":"A","211":"O","212":",","213":"C","214":"A","215":"A","216":"C","217":",","218":"K","219":"A","220":"A","221":"K","222":",","223":"C","224":"A","225":"A","226":"C","227":";","228":"A","229":"A","230":"C","231":"1","232":"B","233":",","234":"I","235":"A","236":"A","237":"I","238":",","239":"e","240":"A","241":"A","242":"e","243":",","244":"G","245":"A","246":"A","247":"G","248":",","249":"O","250":"A","251":"A","252":"O","253":",","254":"C","255":"A","256":"A","257":"C","258":",","259":"u","260":"B","261":"A","262":"A","263":"u","264":"B","265":",","266":"C","267":"A","268":"A","269":"C","270":";","271":"A","272":"A","273":"C","274":"t","275":"D","276":",","277":"I","278":"A","279":"A","280":"I","281":",","282":"m","283":"B","284":"A","285":"A","286":"m","287":"B","288":",","289":"G","290":"A","291":"A","292":"G","293":",","294":"O","295":"A","296":"A","297":"O","298":",","299":"C","300":"A","301":"A","302":"C","303":",","304":"2","305":"B","306":"A","307":"A","308":"2","309":"B","310":",","311":"C","312":"A","313":"A","314":"C","315":";","316":";","317":"A","318":"A","319":"E","320":"9","321":"D","322":",","323":"O","324":"A","325":"A","326":"O","327":",","328":"C","329":"A","330":"A","331":"C","332":",","333":"O","334":"A","335":"A","336":"O","337":",","338":"G","339":"A","340":"A","341":"G","342":",","343":"C","344":"A","345":"A","346":"C","347":",","348":"C","349":"A","350":"A","351":"C","352":",","353":"E","354":"A","355":"A","356":"E","357":",","358":"K","359":"A","360":"A","361":"K","362":",","363":"C","364":"A","365":"A","366":"C","367":",","368":"e","369":"A","370":"A","371":"e","372":",","373":"E","374":"A","375":"A","376":"E","377":";","378":"E","379":"A","380":"C","381":"z","382":"C","383":",","384":"I","385":"A","386":"A","387":"I","388":",","389":"E","390":"A","391":"A","392":"E","393":",","394":"K","395":"A","396":"A","397":"K","398":";","399":"E","400":"A","401":"C","402":"X","403":",","404":"U","405":"A","406":"A","407":"U","408":",","409":"E","410":"A","411":"A","412":"E","413":";","414":"I","415":"A","416":"C","417":"R","418":",","419":"S","420":"A","421":"A","422":"S","423":",","424":"E","425":"A","426":"A","427":"E","428":",","429":"e","430":"A","431":"A","432":"e","433":",","434":"C","435":"A","436":"A","437":"C","438":",","439":"O","440":"A","441":"A","442":"O","443":";","444":"I","445":"A","446":"C","447":"l","448":"C","449":",","450":"a","451":"A","452":"A","453":"a","454":",","455":"E","456":"A","457":"A","458":"E","459":",","460":"m","461":"B","462":"A","463":"A","464":"m","465":"B","466":",","467":"C","468":"A","469":"A","470":"C","471":";","472":"E","473":"A","474":"C","475":"v","476":"C","477":",","478":"C","479":"A","480":"A","481":"C","482":";","483":"E","484":"A","485":"C","486":"D","487":",","488":"K","489":"A","490":"A","491":"K","492":",","493":"E","494":"A","495":"A","496":"E","497":",","498":"Y","499":"A","500":"A","501":"Y","502":";","503":"I","504":"A","505":"C","506":"f","507":",","508":"I","509":"A","510":"A","511":"I","512":",","513":"K","514":"A","515":"A","516":"K","517":",","518":"G","519":"A","520":"A","521":"G","522":",","523":"C","524":"A","525":"A","526":"C","527":",","528":"C","529":"A","530":"A","531":"C","532":",","533":"E","534":"A","535":"A","536":"E","537":",","538":"M","539":"A","540":"A","541":"M","542":",","543":"C","544":"A","545":"A","546":"C","547":",","548":"Q","549":"A","550":"A","551":"Q","552":",","553":"E","554":"A","555":"A","556":"E","557":",","558":"C","559":"A","560":"A","561":"C","562":";","563":";","564":"M","565":"A","566":"E","567":"9","568":"B","569":",","570":"K","571":"A","572":"A","573":"K","574":",","575":"C","576":"A","577":"A","578":"C","579":",","580":"M","581":"A","582":"A","583":"M","584":",","585":"C","586":"A","587":"A","588":"C","589":",","590":"q","591":"B","592":"A","593":"A","594":"q","595":"B","596":",","597":"C","598":"A","599":"A","600":"C","601":";","602":"I","603":"A","604":"C","605":"v","606":"C","607":",","608":"C","609":"A","610":"A","611":"C","612":",","613":"C","614":"A","615":"A","616":"C","617":";","618":"E","619":"A","620":"C","621":"N","622":";","623":"E","624":"A","625":"C","626":"F","627":"\"","628":",","629":"\"","630":"f","631":"i","632":"l","633":"e","634":"\"","635":":","636":"\"","637":"H","638":":","639":"\\","640":"\\","641":"T","642":"a","643":"s","644":"k","645":"\\","646":"\\","647":"1","648":"_","649":"j","650":"o","651":"b","652":"_","653":"t","654":"e","655":"s","656":"t","657":"i","658":"n","659":"g","660":"\\","661":"\\","662":"p","663":"r","664":"o","665":"j","666":"e","667":"c","668":"t","669":"\\","670":"\\","671":"m","672":"y","673":"-","674":"v","675":"u","676":"e","677":"-","678":"a","679":"p","680":"p","681":"\\","682":"\\","683":"s","684":"r","685":"c","686":"\\","687":"\\","688":"A","689":"p","690":"p","691":".","692":"v","693":"u","694":"e","695":"\"","696":",","697":"\"","698":"s","699":"o","700":"u","701":"r","702":"c","703":"e","704":"s","705":"C","706":"o","707":"n","708":"t","709":"e","710":"n","711":"t","712":"\"","713":":","714":"[","715":"\"","716":"<","717":"t","718":"e","719":"m","720":"p","721":"l","722":"a","723":"t","724":"e","725":">","726":"\\","727":"n","728":" ","729":" ","730":"<","731":"d","732":"i","733":"v","734":" ","735":"c","736":"l","737":"a","738":"s","739":"s","740":"=","741":"\\","742":"\"","743":"a","744":"p","745":"p","746":"\\","747":"\"","748":">","749":"\\","750":"n","751":" ","752":" ","753":" ","754":" ","755":"<","756":"h","757":"e","758":"a","759":"d","760":"e","761":"r","762":">","763":"\\","764":"n","765":" ","766":" ","767":" ","768":" ","769":" ","770":" ","771":"<","772":"h","773":"1","774":">","775":"M","776":"o","777":"v","778":"i","779":"e","780":" ","781":"L","782":"i","783":"s","784":"t","785":"i","786":"n","787":"g","788":" ","789":"A","790":"p","791":"p","792":"<","793":"/","794":"h","795":"1","796":">","797":"\\","798":"n","799":" ","800":" ","801":" ","802":" ","803":" ","804":" ","805":"<","806":"n","807":"a","808":"v","809":">","810":"\\","811":"n","812":" ","813":" ","814":" ","815":" ","816":" ","817":" ","818":" ","819":" ","820":"<","821":"r","822":"o","823":"u","824":"t","825":"e","826":"r","827":"-","828":"l","829":"i","830":"n","831":"k","832":" ","833":"t","834":"o","835":"=","836":"\\","837":"\"","838":"/","839":"\\","840":"\"","841":" ","842":"c","843":"l","844":"a","845":"s","846":"s","847":"=","848":"\\","849":"\"","850":"n","851":"a","852":"v","853":"-","854":"l","855":"i","856":"n","857":"k","858":"\\","859":"\"","860":">","861":"M","862":"o","863":"v","864":"i","865":"e","866":"s","867":"<","868":"/","869":"r","870":"o","871":"u","872":"t","873":"e","874":"r","875":"-","876":"l","877":"i","878":"n","879":"k","880":">","881":"\\","882":"n","883":" ","884":" ","885":" ","886":" ","887":" ","888":" ","889":" ","890":" ","891":"<","892":"r","893":"o","894":"u","895":"t","896":"e","897":"r","898":"-","899":"l","900":"i","901":"n","902":"k","903":" ","904":"t","905":"o","906":"=","907":"\\","908":"\"","909":"/","910":"f","911":"a","912":"v","913":"o","914":"r","915":"i","916":"t","917":"e","918":"s","919":"\\","920":"\"","921":" ","922":"c","923":"l","924":"a","925":"s","926":"s","927":"=","928":"\\","929":"\"","930":"n","931":"a","932":"v","933":"-","934":"l","935":"i","936":"n","937":"k","938":"\\","939":"\"","940":">","941":"F","942":"a","943":"v","944":"o","945":"r","946":"i","947":"t","948":"e","949":"s","950":"<","951":"/","952":"r","953":"o","954":"u","955":"t","956":"e","957":"r","958":"-","959":"l","960":"i","961":"n","962":"k","963":">","964":"\\","965":"n","966":" ","967":" ","968":" ","969":" ","970":" ","971":" ","972":"<","973":"/","974":"n","975":"a","976":"v","977":">","978":"\\","979":"n","980":" ","981":" ","982":" ","983":" ","984":"<","985":"/","986":"h","987":"e","988":"a","989":"d","990":"e","991":"r","992":">","993":"\\","994":"n","995":" ","996":" ","997":" ","998":" ","999":"\\","1000":"n","1001":" ","1002":" ","1003":" ","1004":" ","1005":"<","1006":"m","1007":"a","1008":"i","1009":"n","1010":">","1011":"\\","1012":"n","1013":" ","1014":" ","1015":" ","1016":" ","1017":" ","1018":" ","1019":"<","1020":"r","1021":"o","1022":"u","1023":"t","1024":"e","1025":"r","1026":"-","1027":"v","1028":"i","1029":"e","1030":"w","1031":">","1032":"<","1033":"/","1034":"r","1035":"o","1036":"u","1037":"t","1038":"e","1039":"r","1040":"-","1041":"v","1042":"i","1043":"e","1044":"w","1045":">","1046":"\\","1047":"n","1048":" ","1049":" ","1050":" ","1051":" ","1052":"<","1053":"/","1054":"m","1055":"a","1056":"i","1057":"n","1058":">","1059":"\\","1060":"n","1061":" ","1062":" ","1063":"<","1064":"/","1065":"d","1066":"i","1067":"v","1068":">","1069":"\\","1070":"n","1071":"<","1072":"/","1073":"t","1074":"e","1075":"m","1076":"p","1077":"l","1078":"a","1079":"t","1080":"e","1081":">","1082":"\\","1083":"n","1084":"\\","1085":"n","1086":"<","1087":"s","1088":"c","1089":"r","1090":"i","1091":"p","1092":"t","1093":" ","1094":"l","1095":"a","1096":"n","1097":"g","1098":"=","1099":"\\","1100":"\"","1101":"t","1102":"s","1103":"\\","1104":"\"","1105":">","1106":"\\","1107":"n","1108":"i","1109":"m","1110":"p","1111":"o","1112":"r","1113":"t","1114":" ","1115":"{","1116":" ","1117":"d","1118":"e","1119":"f","1120":"i","1121":"n","1122":"e","1123":"C","1124":"o","1125":"m","1126":"p","1127":"o","1128":"n","1129":"e","1130":"n","1131":"t","1132":",","1133":" ","1134":"o","1135":"n","1136":"M","1137":"o","1138":"u","1139":"n","1140":"t","1141":"e","1142":"d","1143":" ","1144":"}","1145":" ","1146":"f","1147":"r","1148":"o","1149":"m","1150":" ","1151":"'","1152":"v","1153":"u","1154":"e","1155":"'","1156":"\\","1157":"n","1158":"i","1159":"m","1160":"p","1161":"o","1162":"r","1163":"t","1164":" ","1165":"M","1166":"o","1167":"v","1168":"i","1169":"e","1170":"L","1171":"i","1172":"s","1173":"t","1174":" ","1175":"f","1176":"r","1177":"o","1178":"m","1179":" ","1180":"'","1181":"@","1182":"/","1183":"v","1184":"i","1185":"e","1186":"w","1187":"s","1188":"/","1189":"M","1190":"o","1191":"v","1192":"i","1193":"e","1194":"L","1195":"i","1196":"s","1197":"t","1198":".","1199":"v","1200":"u","1201":"e","1202":"'","1203":"\\","1204":"n","1205":"i","1206":"m","1207":"p","1208":"o","1209":"r","1210":"t","1211":" ","1212":"F","1213":"a","1214":"v","1215":"o","1216":"r","1217":"i","1218":"t","1219":"e","1220":"s","1221":"L","1222":"i","1223":"s","1224":"t","1225":" ","1226":"f","1227":"r","1228":"o","1229":"m","1230":" ","1231":"'","1232":"@","1233":"/","1234":"v","1235":"i","1236":"e","1237":"w","1238":"s","1239":"/","1240":"F","1241":"a","1242":"v","1243":"o","1244":"r","1245":"i","1246":"t","1247":"e","1248":"s","1249":"L","1250":"i","1251":"s","1252":"t","1253":".","1254":"v","1255":"u","1256":"e","1257":"'","1258":"\\","1259":"n","1260":"i","1261":"m","1262":"p","1263":"o","1264":"r","1265":"t","1266":" ","1267":"{","1268":" ","1269":"u","1270":"s","1271":"e","1272":"S","1273":"t","1274":"o","1275":"r","1276":"e","1277":" ","1278":"}","1279":" ","1280":"f","1281":"r","1282":"o","1283":"m","1284":" ","1285":"'","1286":"v","1287":"u","1288":"e","1289":"x","1290":"'","1291":"\\","1292":"n","1293":"\\","1294":"n","1295":"e","1296":"x","1297":"p","1298":"o","1299":"r","1300":"t","1301":" ","1302":"d","1303":"e","1304":"f","1305":"a","1306":"u","1307":"l","1308":"t","1309":" ","1310":"d","1311":"e","1312":"f","1313":"i","1314":"n","1315":"e","1316":"C","1317":"o","1318":"m","1319":"p","1320":"o","1321":"n","1322":"e","1323":"n","1324":"t","1325":"(","1326":"{","1327":"\\","1328":"n","1329":" ","1330":" ","1331":"n","1332":"a","1333":"m","1334":"e","1335":":","1336":" ","1337":"'","1338":"A","1339":"p","1340":"p","1341":"'","1342":",","1343":"\\","1344":"n","1345":" ","1346":" ","1347":"c","1348":"o","1349":"m","1350":"p","1351":"o","1352":"n","1353":"e","1354":"n","1355":"t","1356":"s","1357":":","1358":" ","1359":"{","1360":"\\","1361":"n","1362":" ","1363":" ","1364":" ","1365":" ","1366":"M","1367":"o","1368":"v","1369":"i","1370":"e","1371":"L","1372":"i","1373":"s","1374":"t","1375":",","1376":"\\","1377":"n","1378":" ","1379":" ","1380":" ","1381":" ","1382":"F","1383":"a","1384":"v","1385":"o","1386":"r","1387":"i","1388":"t","1389":"e","1390":"s","1391":"L","1392":"i","1393":"s","1394":"t","1395":"\\","1396":"n","1397":" ","1398":" ","1399":"}","1400":",","1401":"\\","1402":"n","1403":" ","1404":" ","1405":"s","1406":"e","1407":"t","1408":"u","1409":"p","1410":"(","1411":")","1412":" ","1413":"{","1414":"\\","1415":"n","1416":" ","1417":" ","1418":" ","1419":" ","1420":"c","1421":"o","1422":"n","1423":"s","1424":"t","1425":" ","1426":"s","1427":"t","1428":"o","1429":"r","1430":"e","1431":" ","1432":"=","1433":" ","1434":"u","1435":"s","1436":"e","1437":"S","1438":"t","1439":"o","1440":"r","1441":"e","1442":"(","1443":")","1444":"\\","1445":"n","1446":" ","1447":" ","1448":" ","1449":" ","1450":"\\","1451":"n","1452":" ","1453":" ","1454":" ","1455":" ","1456":"o","1457":"n","1458":"M","1459":"o","1460":"u","1461":"n","1462":"t","1463":"e","1464":"d","1465":"(","1466":"(","1467":")","1468":" ","1469":"=","1470":">","1471":" ","1472":"{","1473":"\\","1474":"n","1475":" ","1476":" ","1477":" ","1478":" ","1479":" ","1480":" ","1481":"s","1482":"t","1483":"o","1484":"r","1485":"e","1486":".","1487":"c","1488":"o","1489":"m","1490":"m","1491":"i","1492":"t","1493":"(","1494":"'","1495":"i","1496":"n","1497":"i","1498":"t","1499":"i","1500":"a","1501":"l","1502":"i","1503":"z","1504":"e","1505":"F","1506":"a","1507":"v","1508":"o","1509":"r","1510":"i","1511":"t","1512":"e","1513":"s","1514":"'","1515":")","1516":"\\","1517":"n","1518":" ","1519":" ","1520":" ","1521":" ","1522":"}","1523":")","1524":"\\","1525":"n","1526":" ","1527":" ","1528":"}","1529":"\\","1530":"n","1531":"}","1532":")","1533":"\\","1534":"n","1535":"<","1536":"/","1537":"s","1538":"c","1539":"r","1540":"i","1541":"p","1542":"t","1543":">","1544":"\\","1545":"n","1546":"<","1547":"s","1548":"t","1549":"y","1550":"l","1551":"e","1552":" ","1553":"l","1554":"a","1555":"n","1556":"g","1557":"=","1558":"\\","1559":"\"","1560":"s","1561":"c","1562":"s","1563":"s","1564":"\\","1565":"\"","1566":">","1567":"\\","1568":"n","1569":".","1570":"a","1571":"p","1572":"p","1573":" ","1574":"{","1575":"\\","1576":"n","1577":" ","1578":" ","1579":"h","1580":"1","1581":" ","1582":"{","1583":"\\","1584":"n","1585":" ","1586":" ","1587":" ","1588":" ","1589":"t","1590":"e","1591":"x","1592":"t","1593":"-","1594":"a","1595":"l","1596":"i","1597":"g","1598":"n","1599":":","1600":" ","1601":"c","1602":"e","1603":"n","1604":"t","1605":"e","1606":"r","1607":";","1608":"\\","1609":"n","1610":" ","1611":" ","1612":" ","1613":" ","1614":"m","1615":"a","1616":"r","1617":"g","1618":"i","1619":"n","1620":":","1621":" ","1622":"2","1623":"0","1624":"p","1625":"x","1626":" ","1627":"0","1628":";","1629":"\\","1630":"n","1631":" ","1632":" ","1633":"}","1634":"\\","1635":"n","1636":" ","1637":" ","1638":"n","1639":"a","1640":"v","1641":" ","1642":"{","1643":"\\","1644":"n","1645":" ","1646":" ","1647":" ","1648":" ","1649":"d","1650":"i","1651":"s","1652":"p","1653":"l","1654":"a","1655":"y","1656":":","1657":" ","1658":"f","1659":"l","1660":"e","1661":"x","1662":";","1663":"\\","1664":"n","1665":" ","1666":" ","1667":" ","1668":" ","1669":"g","1670":"a","1671":"p","1672":":","1673":" ","1674":"2","1675":"0","1676":"p","1677":"x","1678":";","1679":"\\","1680":"n","1681":" ","1682":" ","1683":" ","1684":" ","1685":"j","1686":"u","1687":"s","1688":"t","1689":"i","1690":"f","1691":"y","1692":"-","1693":"c","1694":"o","1695":"n","1696":"t","1697":"e","1698":"n","1699":"t","1700":":","1701":" ","1702":"c","1703":"e","1704":"n","1705":"t","1706":"e","1707":"r","1708":";","1709":"\\","1710":"n","1711":" ","1712":" ","1713":" ","1714":" ","1715":"m","1716":"a","1717":"r","1718":"g","1719":"i","1720":"n","1721":":","1722":" ","1723":"2","1724":"0","1725":"p","1726":"x","1727":" ","1728":"0","1729":";","1730":"\\","1731":"n","1732":" ","1733":" ","1734":" ","1735":" ","1736":"\\","1737":"n","1738":" ","1739":" ","1740":" ","1741":" ","1742":".","1743":"n","1744":"a","1745":"v","1746":"-","1747":"l","1748":"i","1749":"n","1750":"k","1751":" ","1752":"{","1753":"\\","1754":"n","1755":" ","1756":" ","1757":" ","1758":" ","1759":" ","1760":" ","1761":"p","1762":"a","1763":"d","1764":"d","1765":"i","1766":"n","1767":"g","1768":":","1769":" ","1770":"1","1771":"0","1772":"p","1773":"x","1774":" ","1775":"2","1776":"0","1777":"p","1778":"x","1779":";","1780":"\\","1781":"n","1782":" ","1783":" ","1784":" ","1785":" ","1786":" ","1787":" ","1788":"b","1789":"o","1790":"r","1791":"d","1792":"e","1793":"r","1794":"-","1795":"r","1796":"a","1797":"d","1798":"i","1799":"u","1800":"s","1801":":","1802":" ","1803":"8","1804":"p","1805":"x","1806":";","1807":"\\","1808":"n","1809":" ","1810":" ","1811":" ","1812":" ","1813":" ","1814":" ","1815":"t","1816":"e","1817":"x","1818":"t","1819":"-","1820":"d","1821":"e","1822":"c","1823":"o","1824":"r","1825":"a","1826":"t","1827":"i","1828":"o","1829":"n","1830":":","1831":" ","1832":"n","1833":"o","1834":"n","1835":"e","1836":";","1837":"\\","1838":"n","1839":" ","1840":" ","1841":" ","1842":" ","1843":" ","1844":" ","1845":"c","1846":"o","1847":"l","1848":"o","1849":"r","1850":":","1851":" ","1852":"#","1853":"3","1854":"3","1855":"3","1856":";","1857":"\\","1858":"n","1859":" ","1860":" ","1861":" ","1862":" ","1863":" ","1864":" ","1865":"b","1866":"a","1867":"c","1868":"k","1869":"g","1870":"r","1871":"o","1872":"u","1873":"n","1874":"d","1875":":","1876":" ","1877":"#","1878":"f","1879":"0","1880":"f","1881":"0","1882":"f","1883":"0","1884":";","1885":"\\","1886":"n","1887":" ","1888":" ","1889":" ","1890":" ","1891":" ","1892":" ","1893":"\\","1894":"n","1895":" ","1896":" ","1897":" ","1898":" ","1899":" ","1900":" ","1901":"&","1902":".","1903":"r","1904":"o","1905":"u","1906":"t","1907":"e","1908":"r","1909":"-","1910":"l","1911":"i","1912":"n","1913":"k","1914":"-","1915":"a","1916":"c","1917":"t","1918":"i","1919":"v","1920":"e","1921":" ","1922":"{","1923":"\\","1924":"n","1925":" ","1926":" ","1927":" ","1928":" ","1929":" ","1930":" ","1931":" ","1932":" ","1933":"b","1934":"a","1935":"c","1936":"k","1937":"g","1938":"r","1939":"o","1940":"u","1941":"n","1942":"d","1943":":","1944":" ","1945":"#","1946":"0","1947":"0","1948":"7","1949":"b","1950":"f","1951":"f","1952":";","1953":"\\","1954":"n","1955":" ","1956":" ","1957":" ","1958":" ","1959":" ","1960":" ","1961":" ","1962":" ","1963":"c","1964":"o","1965":"l","1966":"o","1967":"r","1968":":","1969":" ","1970":"w","1971":"h","1972":"i","1973":"t","1974":"e","1975":";","1976":"\\","1977":"n","1978":" ","1979":" ","1980":" ","1981":" ","1982":" ","1983":" ","1984":"}","1985":"\\","1986":"n","1987":" ","1988":" ","1989":" ","1990":" ","1991":"}","1992":"\\","1993":"n","1994":" ","1995":" ","1996":"}","1997":"\\","1998":"n","1999":"}","2000":"\\","2001":"n","2002":"<","2003":"/","2004":"s","2005":"t","2006":"y","2007":"l","2008":"e","2009":">","2010":"\\","2011":"n","2012":"\\","2013":"n","2014":"\\","2015":"n","2016":"\"","2017":"]","2018":"}"}}
,"H:\\Task\\1_job_testing\\project\\my-vue-app\\src\\vite-env.d.ts": {"path":"H:\\Task\\1_job_testing\\project\\my-vue-app\\src\\vite-env.d.ts","statementMap":{},"fnMap":{},"branchMap":{},"s":{},"f":{},"b":{}}
,"H:\\Task\\1_job_testing\\project\\my-vue-app\\src\\components\\movies\\MovieCard.vue": {"path":"H:\\Task\\1_job_testing\\project\\my-vue-app\\src\\components\\movies\\MovieCard.vue","statementMap":{"0":{"start":{"line":3,"column":0},"end":{"line":5,"column":3}},"1":{"start":{"line":6,"column":12},"end":{"line":6,"column":26}},"2":{"start":{"line":7,"column":13},"end":{"line":7,"column":28}},"3":{"start":{"line":8,"column":0},"end":{"line":29,"column":3}},"4":{"start":{"line":17,"column":16},"end":{"line":17,"column":38}},"5":{"start":{"line":18,"column":21},"end":{"line":20,"column":6}},"6":{"start":{"line":19,"column":6},"end":{"line":19,"column":51}},"7":{"start":{"line":21,"column":25},"end":{"line":23,"column":5}},"8":{"start":{"line":22,"column":6},"end":{"line":22,"column":50}},"9":{"start":{"line":24,"column":4},"end":{"line":27,"column":6}},"10":{"start":{"line":30,"column":0},"end":{"line":30,"column":13}},"11":{"start":{"line":31,"column":0},"end":{"line":31,"column":62}},"12":{"start":{"line":32,"column":0},"end":{"line":32,"column":24}},"13":{"start":{"line":33,"column":12},"end":{"line":33,"column":26}},"14":{"start":{"line":34,"column":17},"end":{"line":34,"column":40}},"15":{"start":{"line":35,"column":17},"end":{"line":35,"column":37}},"16":{"start":{"line":36,"column":17},"end":{"line":36,"column":35}},"17":{"start":{"line":37,"column":17},"end":{"line":37,"column":34}},"18":{"start":{"line":38,"column":17},"end":{"line":38,"column":34}},"19":{"start":{"line":40,"column":4},"end":{"line":58,"column":8}},"20":{"start":{"line":49,"column":35},"end":{"line":49,"column":37}},"21":{"start":{"line":50,"column":24},"end":{"line":52,"column":25}},"22":{"start":{"line":50,"column":38},"end":{"line":50,"column":39}},"23":{"start":{"line":51,"column":28},"end":{"line":51,"column":53}},"24":{"start":{"line":53,"column":24},"end":{"line":53,"column":94}},"25":{"start":{"line":60,"column":1},"end":{"line":60,"column":48}}},"fnMap":{"0":{"name":"(anonymous_0)","decl":{"start":{"line":16,"column":9},"end":{"line":16,"column":10}},"loc":{"start":{"line":16,"column":26},"end":{"line":28,"column":3}},"line":16},"1":{"name":"(anonymous_1)","decl":{"start":{"line":18,"column":41},"end":{"line":18,"column":42}},"loc":{"start":{"line":18,"column":53},"end":{"line":20,"column":5}},"line":18},"2":{"name":"(anonymous_2)","decl":{"start":{"line":21,"column":25},"end":{"line":21,"column":26}},"loc":{"start":{"line":21,"column":37},"end":{"line":23,"column":5}},"line":21},"3":{"name":"render","decl":{"start":{"line":39,"column":9},"end":{"line":39,"column":15}},"loc":{"start":{"line":39,"column":30},"end":{"line":59,"column":1}},"line":39},"4":{"name":"(anonymous_4)","decl":{"start":{"line":48,"column":20},"end":{"line":48,"column":21}},"loc":{"start":{"line":48,"column":32},"end":{"line":54,"column":21}},"line":48}},"branchMap":{"0":{"loc":{"start":{"line":46,"column":25},"end":{"line":54,"column":22}},"type":"binary-expr","locations":[{"start":{"line":46,"column":25},"end":{"line":46,"column":34}},{"start":{"line":46,"column":39},"end":{"line":54,"column":21}}],"line":46},"1":{"loc":{"start":{"line":53,"column":32},"end":{"line":53,"column":92}},"type":"binary-expr","locations":[{"start":{"line":53,"column":32},"end":{"line":53,"column":51}},{"start":{"line":53,"column":55},"end":{"line":53,"column":92}}],"line":53},"2":{"loc":{"start":{"line":56,"column":42},"end":{"line":56,"column":69}},"type":"cond-expr","locations":[{"start":{"line":56,"column":60},"end":{"line":56,"column":63}},{"start":{"line":56,"column":66},"end":{"line":56,"column":69}}],"line":56}},"s":{"0":0,"1":0,"2":0,"3":0,"4":0,"5":0,"6":0,"7":0,"8":0,"9":0,"10":0,"11":0,"12":0,"13":0,"14":0,"15":0,"16":0,"17":0,"18":0,"19":0,"20":0,"21":0,"22":0,"23":0,"24":0,"25":0},"f":{"0":0,"1":0,"2":0,"3":0,"4":0},"b":{"0":[0,0],"1":[0,0],"2":[0,0]},"inputSourceMap":{"0":"{","1":"\"","2":"v","3":"e","4":"r","5":"s","6":"i","7":"o","8":"n","9":"\"","10":":","11":"3","12":",","13":"\"","14":"s","15":"o","16":"u","17":"r","18":"c","19":"e","20":"s","21":"\"","22":":","23":"[","24":"\"","25":"H","26":":","27":"\\","28":"\\","29":"T","30":"a","31":"s","32":"k","33":"\\","34":"\\","35":"1","36":"_","37":"j","38":"o","39":"b","40":"_","41":"t","42":"e","43":"s","44":"t","45":"i","46":"n","47":"g","48":"\\","49":"\\","50":"p","51":"r","52":"o","53":"j","54":"e","55":"c","56":"t","57":"\\","58":"\\","59":"m","60":"y","61":"-","62":"v","63":"u","64":"e","65":"-","66":"a","67":"p","68":"p","69":"\\","70":"\\","71":"s","72":"r","73":"c","74":"\\","75":"\\","76":"c","77":"o","78":"m","79":"p","80":"o","81":"n","82":"e","83":"n","84":"t","85":"s","86":"\\","87":"\\","88":"m","89":"o","90":"v","91":"i","92":"e","93":"s","94":"\\","95":"\\","96":"M","97":"o","98":"v","99":"i","100":"e","101":"C","102":"a","103":"r","104":"d","105":".","106":"v","107":"u","108":"e","109":"\"","110":"]","111":",","112":"\"","113":"n","114":"a","115":"m","116":"e","117":"s","118":"\"","119":":","120":"[","121":"]","122":",","123":"\"","124":"m","125":"a","126":"p","127":"p","128":"i","129":"n","130":"g","131":"s","132":"\"","133":":","134":"\"","135":";","136":";","137":"A","138":"A","139":"i","140":"B","141":"A","142":",","143":"M","144":"A","145":"A","146":"M","147":",","148":"C","149":"A","150":"A","151":"C","152":",","153":"c","154":"A","155":"A","156":"c","157":",","158":"C","159":"A","160":"A","161":"C","162":",","163":"O","164":"A","165":"A","166":"O","167":",","168":"E","169":"A","170":"A","171":"E","172":",","173":"Y","174":"A","175":"A","176":"Y","177":",","178":"E","179":"A","180":"A","181":"E","182":";","183":"E","184":"A","185":"A","186":"E","187":",","188":"K","189":"A","190":"A","191":"K","192":",","193":"E","194":"A","195":"A","196":"E","197":";","198":"A","199":"A","200":"A","201":"K","202":",","203":"C","204":"A","205":"A","206":"C","207":",","208":"C","209":"A","210":"A","211":"C","212":";","213":"A","214":"A","215":"C","216":"7","217":"D","218":",","219":"I","220":"A","221":"A","222":"I","223":",","224":"K","225":"A","226":"A","227":"K","228":",","229":"G","230":"A","231":"A","232":"G","233":",","234":"O","235":"A","236":"A","237":"O","238":",","239":"C","240":"A","241":"A","242":"C","243":",","244":"K","245":"A","246":"A","247":"K","248":",","249":"C","250":"A","251":"A","252":"C","253":";","254":"A","255":"A","256":"C","257":"1","258":"B","259":",","260":"I","261":"A","262":"A","263":"I","264":",","265":"M","266":"A","267":"A","268":"M","269":",","270":"G","271":"A","272":"A","273":"G","274":",","275":"O","276":"A","277":"A","278":"O","279":",","280":"C","281":"A","282":"A","283":"C","284":",","285":"M","286":"A","287":"A","288":"M","289":",","290":"C","291":"A","292":"A","293":"C","294":";","295":";","296":"E","297":"A","298":"E","299":"x","300":"B","301":",","302":"I","303":"A","304":"A","305":"I","306":",","307":"E","308":"A","309":"A","310":"E","311":",","312":"W","313":"A","314":"A","315":"W","316":";","317":"E","318":"A","319":"C","320":"j","321":"B","322":",","323":"K","324":"A","325":"A","326":"K","327":",","328":"E","329":"A","330":"A","331":"E","332":";","333":"I","334":"A","335":"C","336":"H","337":",","338":"K","339":"A","340":"A","341":"K","342":",","343":"E","344":"A","345":"A","346":"E","347":";","348":"M","349":"A","350":"C","351":"H","352":",","353":"I","354":"A","355":"A","356":"I","357":",","358":"E","359":"A","360":"A","361":"E","362":",","363":"M","364":"A","365":"A","366":"M","367":";","368":"M","369":"A","370":"C","371":"Z","372":",","373":"Q","374":"A","375":"A","376":"Q","377":",","378":"E","379":"A","380":"A","381":"E","382":";","383":"I","384":"A","385":"C","386":"d","387":";","388":"E","389":"A","390":"C","391":"J","392":",","393":"C","394":"A","395":"A","396":"C","397":";","398":"E","399":"A","400":"C","401":"D","402":",","403":"K","404":"A","405":"A","406":"K","407":",","408":"E","409":"A","410":"A","411":"E","412":",","413":"U","414":"A","415":"A","416":"U","417":",","418":"K","419":"A","420":"A","421":"K","422":",","423":"E","424":"A","425":"A","426":"E","427":";","428":"I","429":"A","430":"C","431":"p","432":"B","433":",","434":"I","435":"A","436":"A","437":"I","438":",","439":"K","440":"A","441":"A","442":"K","443":",","444":"G","445":"A","446":"A","447":"G","448":",","449":"C","450":"A","451":"A","452":"C","453":",","454":"C","455":"A","456":"A","457":"C","458":",","459":"E","460":"A","461":"A","462":"E","463":",","464":"M","465":"A","466":"A","467":"M","468":",","469":"C","470":"A","471":"A","472":"C","473":",","474":"Q","475":"A","476":"A","477":"Q","478":",","479":"E","480":"A","481":"A","482":"E","483":",","484":"C","485":"A","486":"A","487":"C","488":";","489":"I","490":"A","491":"C","492":"l","493":"C","494":",","495":"I","496":"A","497":"A","498":"I","499":",","500":"U","501":"A","502":"A","503":"U","504":",","505":"G","506":"A","507":"A","508":"G","509":",","510":"C","511":"A","512":"A","513":"C","514":",","515":"C","516":"A","517":"A","518":"C","519":",","520":"E","521":"A","522":"A","523":"E","524":",","525":"K","526":"A","527":"A","528":"K","529":",","530":"C","531":"A","532":"A","533":"C","534":",","535":"Q","536":"A","537":"A","538":"Q","539":",","540":"E","541":"A","542":"A","543":"E","544":",","545":"Y","546":"A","547":"A","548":"Y","549":";","550":"M","551":"A","552":"A","553":"E","554":",","555":"O","556":"A","557":"A","558":"O","559":",","560":"K","561":"A","562":"A","563":"K","564":",","565":"C","566":"A","567":"A","568":"C","569":",","570":"O","571":"A","572":"A","573":"O","574":",","575":"C","576":"A","577":"A","578":"C","579":",","580":"U","581":"A","582":"A","583":"U","584":",","585":"C","586":"A","587":"A","588":"C","589":",","590":"K","591":"A","592":"A","593":"K","594":",","595":"C","596":"A","597":"A","598":"C","599":",","600":"K","601":"A","602":"A","603":"K","604":",","605":"C","606":"A","607":"A","608":"C","609":";","610":"I","611":"A","612":"A","613":"E","614":",","615":"C","616":"A","617":"A","618":"C","619":",","620":"C","621":"A","622":"A","623":"C","624":";","625":"I","626":"A","627":"C","628":"n","629":"G","630":",","631":"I","632":"A","633":"A","634":"I","635":",","636":"c","637":"A","638":"A","639":"c","640":",","641":"G","642":"A","643":"A","644":"G","645":",","646":"Y","647":"A","648":"A","649":"Y","650":";","651":"M","652":"A","653":"C","654":"7","655":"B","656":",","657":"K","658":"A","659":"A","660":"K","661":",","662":"C","663":"A","664":"A","665":"C","666":",","667":"M","668":"A","669":"A","670":"M","671":",","672":"C","673":"A","674":"A","675":"C","676":",","677":"g","678":"B","679":"A","680":"A","681":"g","682":"B","683":",","684":"E","685":"A","686":"A","687":"E","688":",","689":"K","690":"A","691":"A","692":"K","693":",","694":"C","695":"A","696":"A","697":"C","698":",","699":"K","700":"A","701":"A","702":"K","703":",","704":"C","705":"A","706":"A","707":"C","708":";","709":"I","710":"A","711":"C","712":"/","713":"C","714":",","715":"C","716":"A","717":"A","718":"C","719":";","720":"I","721":"A","722":"C","723":"D","724":",","725":"O","726":"A","727":"A","728":"O","729":";","730":"M","731":"A","732":"A","733":"E","734":",","735":"U","736":"A","737":"A","738":"U","739":",","740":"E","741":"A","742":"A","743":"E","744":",","745":"U","746":"A","747":"A","748":"U","749":";","750":"M","751":"A","752":"A","753":"E","754":",","755":"c","756":"A","757":"A","758":"c","759":",","760":"E","761":"A","762":"A","763":"E","764":";","765":"I","766":"A","767":"A","768":"e","769":",","770":"C","771":"A","772":"A","773":"C","774":";","775":"E","776":"A","777":"C","778":"r","779":"E","780":";","781":"E","782":"A","783":"C","784":"F","785":"\"","786":",","787":"\"","788":"f","789":"i","790":"l","791":"e","792":"\"","793":":","794":"\"","795":"H","796":":","797":"\\","798":"\\","799":"T","800":"a","801":"s","802":"k","803":"\\","804":"\\","805":"1","806":"_","807":"j","808":"o","809":"b","810":"_","811":"t","812":"e","813":"s","814":"t","815":"i","816":"n","817":"g","818":"\\","819":"\\","820":"p","821":"r","822":"o","823":"j","824":"e","825":"c","826":"t","827":"\\","828":"\\","829":"m","830":"y","831":"-","832":"v","833":"u","834":"e","835":"-","836":"a","837":"p","838":"p","839":"\\","840":"\\","841":"s","842":"r","843":"c","844":"\\","845":"\\","846":"c","847":"o","848":"m","849":"p","850":"o","851":"n","852":"e","853":"n","854":"t","855":"s","856":"\\","857":"\\","858":"m","859":"o","860":"v","861":"i","862":"e","863":"s","864":"\\","865":"\\","866":"M","867":"o","868":"v","869":"i","870":"e","871":"C","872":"a","873":"r","874":"d","875":".","876":"v","877":"u","878":"e","879":"\"","880":",","881":"\"","882":"s","883":"o","884":"u","885":"r","886":"c","887":"e","888":"s","889":"C","890":"o","891":"n","892":"t","893":"e","894":"n","895":"t","896":"\"","897":":","898":"[","899":"\"","900":"<","901":"t","902":"e","903":"m","904":"p","905":"l","906":"a","907":"t","908":"e","909":">","910":"\\","911":"r","912":"\\","913":"n","914":" ","915":" ","916":"<","917":"d","918":"i","919":"v","920":" ","921":"c","922":"l","923":"a","924":"s","925":"s","926":"=","927":"\\","928":"\"","929":"m","930":"o","931":"v","932":"i","933":"e","934":"-","935":"c","936":"a","937":"r","938":"d","939":"\\","940":"\"","941":">","942":"\\","943":"r","944":"\\","945":"n","946":" ","947":" ","948":" ","949":" ","950":"<","951":"d","952":"i","953":"v","954":" ","955":"c","956":"l","957":"a","958":"s","959":"s","960":"=","961":"\\","962":"\"","963":"c","964":"o","965":"n","966":"t","967":"e","968":"n","969":"t","970":"\\","971":"\"","972":">","973":"\\","974":"r","975":"\\","976":"n","977":" ","978":" ","979":" ","980":" ","981":" ","982":" ","983":"<","984":"h","985":"3","986":" ","987":"c","988":"l","989":"a","990":"s","991":"s","992":"=","993":"\\","994":"\"","995":"t","996":"i","997":"t","998":"l","999":"e","1000":"\\","1001":"\"","1002":">","1003":"{","1004":"{","1005":" ","1006":"m","1007":"o","1008":"v","1009":"i","1010":"e","1011":".","1012":"T","1013":"i","1014":"t","1015":"l","1016":"e","1017":" ","1018":"}","1019":"}","1020":"<","1021":"/","1022":"h","1023":"3","1024":">","1025":"\\","1026":"r","1027":"\\","1028":"n","1029":" ","1030":" ","1031":" ","1032":" ","1033":" ","1034":" ","1035":"<","1036":"p","1037":" ","1038":"c","1039":"l","1040":"a","1041":"s","1042":"s","1043":"=","1044":"\\","1045":"\"","1046":"y","1047":"e","1048":"a","1049":"r","1050":"\\","1051":"\"","1052":">","1053":"{","1054":"{","1055":" ","1056":"m","1057":"o","1058":"v","1059":"i","1060":"e","1061":".","1062":"Y","1063":"e","1064":"a","1065":"r","1066":" ","1067":"}","1068":"}","1069":"<","1070":"/","1071":"p","1072":">","1073":"\\","1074":"r","1075":"\\","1076":"n","1077":" ","1078":" ","1079":" ","1080":" ","1081":" ","1082":" ","1083":"<","1084":"p","1085":" ","1086":"c","1087":"l","1088":"a","1089":"s","1090":"s","1091":"=","1092":"\\","1093":"\"","1094":"i","1095":"m","1096":"d","1097":"b","1098":"\\","1099":"\"","1100":">","1101":"{","1102":"{","1103":" ","1104":"m","1105":"o","1106":"v","1107":"i","1108":"e","1109":".","1110":"i","1111":"m","1112":"d","1113":"b","1114":"I","1115":"D","1116":" ","1117":"}","1118":"}","1119":"<","1120":"/","1121":"p","1122":">","1123":"\\","1124":"r","1125":"\\","1126":"n","1127":" ","1128":" ","1129":" ","1130":" ","1131":" ","1132":" ","1133":"<","1134":"b","1135":"u","1136":"t","1137":"t","1138":"o","1139":"n","1140":" ","1141":"\\","1142":"r","1143":"\\","1144":"n","1145":" ","1146":" ","1147":" ","1148":" ","1149":" ","1150":" ","1151":" ","1152":" ","1153":"@","1154":"c","1155":"l","1156":"i","1157":"c","1158":"k","1159":"=","1160":"\\","1161":"\"","1162":"t","1163":"o","1164":"g","1165":"g","1166":"l","1167":"e","1168":"F","1169":"a","1170":"v","1171":"o","1172":"r","1173":"i","1174":"t","1175":"e","1176":"\\","1177":"\"","1178":"\\","1179":"r","1180":"\\","1181":"n","1182":" ","1183":" ","1184":" ","1185":" ","1186":" ","1187":" ","1188":" ","1189":" ","1190":":","1191":"c","1192":"l","1193":"a","1194":"s","1195":"s","1196":"=","1197":"\\","1198":"\"","1199":"{","1200":" ","1201":"'","1202":"i","1203":"s","1204":"-","1205":"f","1206":"a","1207":"v","1208":"o","1209":"r","1210":"i","1211":"t","1212":"e","1213":"'","1214":":","1215":" ","1216":"i","1217":"s","1218":"F","1219":"a","1220":"v","1221":"o","1222":"r","1223":"i","1224":"t","1225":"e","1226":" ","1227":"}","1228":"\\","1229":"\"","1230":"\\","1231":"r","1232":"\\","1233":"n","1234":" ","1235":" ","1236":" ","1237":" ","1238":" ","1239":" ","1240":">","1241":"\\","1242":"r","1243":"\\","1244":"n","1245":" ","1246":" ","1247":" ","1248":" ","1249":" ","1250":" ","1251":" ","1252":" ","1253":"{","1254":"{","1255":" ","1256":"i","1257":"s","1258":"F","1259":"a","1260":"v","1261":"o","1262":"r","1263":"i","1264":"t","1265":"e","1266":" ","1267":"?","1268":" ","1269":"'","1270":"★","1271":"'","1272":" ","1273":":","1274":" ","1275":"'","1276":"☆","1277":"'","1278":" ","1279":"}","1280":"}","1281":"\\","1282":"r","1283":"\\","1284":"n","1285":" ","1286":" ","1287":" ","1288":" ","1289":" ","1290":" ","1291":"<","1292":"/","1293":"b","1294":"u","1295":"t","1296":"t","1297":"o","1298":"n","1299":">","1300":"\\","1301":"r","1302":"\\","1303":"n","1304":" ","1305":" ","1306":" ","1307":" ","1308":"<","1309":"/","1310":"d","1311":"i","1312":"v","1313":">","1314":"\\","1315":"r","1316":"\\","1317":"n","1318":" ","1319":" ","1320":"<","1321":"/","1322":"d","1323":"i","1324":"v","1325":">","1326":"\\","1327":"r","1328":"\\","1329":"n","1330":"<","1331":"/","1332":"t","1333":"e","1334":"m","1335":"p","1336":"l","1337":"a","1338":"t","1339":"e","1340":">","1341":"\\","1342":"r","1343":"\\","1344":"n","1345":"\\","1346":"r","1347":"\\","1348":"n","1349":"<","1350":"s","1351":"c","1352":"r","1353":"i","1354":"p","1355":"t","1356":" ","1357":"l","1358":"a","1359":"n","1360":"g","1361":"=","1362":"\\","1363":"\"","1364":"t","1365":"s","1366":"\\","1367":"\"","1368":">","1369":"\\","1370":"r","1371":"\\","1372":"n","1373":"i","1374":"m","1375":"p","1376":"o","1377":"r","1378":"t","1379":" ","1380":"{","1381":" ","1382":"d","1383":"e","1384":"f","1385":"i","1386":"n","1387":"e","1388":"C","1389":"o","1390":"m","1391":"p","1392":"o","1393":"n","1394":"e","1395":"n","1396":"t","1397":",","1398":" ","1399":"c","1400":"o","1401":"m","1402":"p","1403":"u","1404":"t","1405":"e","1406":"d","1407":" ","1408":"}","1409":" ","1410":"f","1411":"r","1412":"o","1413":"m","1414":" ","1415":"'","1416":"v","1417":"u","1418":"e","1419":"'","1420":"\\","1421":"r","1422":"\\","1423":"n","1424":"i","1425":"m","1426":"p","1427":"o","1428":"r","1429":"t","1430":" ","1431":"{","1432":" ","1433":"u","1434":"s","1435":"e","1436":"S","1437":"t","1438":"o","1439":"r","1440":"e","1441":" ","1442":"}","1443":" ","1444":"f","1445":"r","1446":"o","1447":"m","1448":" ","1449":"'","1450":"v","1451":"u","1452":"e","1453":"x","1454":"'","1455":"\\","1456":"r","1457":"\\","1458":"n","1459":"i","1460":"m","1461":"p","1462":"o","1463":"r","1464":"t","1465":" ","1466":"t","1467":"y","1468":"p","1469":"e","1470":" ","1471":"{","1472":" ","1473":"M","1474":"o","1475":"v","1476":"i","1477":"e","1478":" ","1479":"}","1480":" ","1481":"f","1482":"r","1483":"o","1484":"m","1485":" ","1486":"'","1487":"@","1488":"/","1489":"t","1490":"y","1491":"p","1492":"e","1493":"s","1494":"/","1495":"m","1496":"o","1497":"v","1498":"i","1499":"e","1500":"'","1501":"\\","1502":"r","1503":"\\","1504":"n","1505":"\\","1506":"r","1507":"\\","1508":"n","1509":"e","1510":"x","1511":"p","1512":"o","1513":"r","1514":"t","1515":" ","1516":"d","1517":"e","1518":"f","1519":"a","1520":"u","1521":"l","1522":"t","1523":" ","1524":"d","1525":"e","1526":"f","1527":"i","1528":"n","1529":"e","1530":"C","1531":"o","1532":"m","1533":"p","1534":"o","1535":"n","1536":"e","1537":"n","1538":"t","1539":"(","1540":"{","1541":"\\","1542":"r","1543":"\\","1544":"n","1545":" ","1546":" ","1547":"n","1548":"a","1549":"m","1550":"e","1551":":","1552":" ","1553":"'","1554":"M","1555":"o","1556":"v","1557":"i","1558":"e","1559":"C","1560":"a","1561":"r","1562":"d","1563":"'","1564":",","1565":"\\","1566":"r","1567":"\\","1568":"n","1569":" ","1570":" ","1571":"p","1572":"r","1573":"o","1574":"p","1575":"s","1576":":","1577":" ","1578":"{","1579":"\\","1580":"r","1581":"\\","1582":"n","1583":" ","1584":" ","1585":" ","1586":" ","1587":"m","1588":"o","1589":"v","1590":"i","1591":"e","1592":":","1593":" ","1594":"{","1595":"\\","1596":"r","1597":"\\","1598":"n","1599":" ","1600":" ","1601":" ","1602":" ","1603":" ","1604":" ","1605":"t","1606":"y","1607":"p","1608":"e","1609":":","1610":" ","1611":"O","1612":"b","1613":"j","1614":"e","1615":"c","1616":"t","1617":" ","1618":"a","1619":"s","1620":" ","1621":"(","1622":")","1623":" ","1624":"=","1625":">","1626":" ","1627":"M","1628":"o","1629":"v","1630":"i","1631":"e","1632":",","1633":"\\","1634":"r","1635":"\\","1636":"n","1637":" ","1638":" ","1639":" ","1640":" ","1641":" ","1642":" ","1643":"r","1644":"e","1645":"q","1646":"u","1647":"i","1648":"r","1649":"e","1650":"d","1651":":","1652":" ","1653":"t","1654":"r","1655":"u","1656":"e","1657":"\\","1658":"r","1659":"\\","1660":"n","1661":" ","1662":" ","1663":" ","1664":" ","1665":"}","1666":"\\","1667":"r","1668":"\\","1669":"n","1670":" ","1671":" ","1672":"}","1673":",","1674":"\\","1675":"r","1676":"\\","1677":"n","1678":" ","1679":" ","1680":"s","1681":"e","1682":"t","1683":"u","1684":"p","1685":"(","1686":"p","1687":"r","1688":"o","1689":"p","1690":"s","1691":")","1692":" ","1693":"{","1694":"\\","1695":"r","1696":"\\","1697":"n","1698":" ","1699":" ","1700":" ","1701":" ","1702":"c","1703":"o","1704":"n","1705":"s","1706":"t","1707":" ","1708":"s","1709":"t","1710":"o","1711":"r","1712":"e","1713":" ","1714":"=","1715":" ","1716":"u","1717":"s","1718":"e","1719":"S","1720":"t","1721":"o","1722":"r","1723":"e","1724":"(","1725":")","1726":"\\","1727":"r","1728":"\\","1729":"n","1730":" ","1731":" ","1732":" ","1733":" ","1734":"c","1735":"o","1736":"n","1737":"s","1738":"t","1739":" ","1740":"i","1741":"s","1742":"F","1743":"a","1744":"v","1745":"o","1746":"r","1747":"i","1748":"t","1749":"e","1750":" ","1751":"=","1752":" ","1753":"c","1754":"o","1755":"m","1756":"p","1757":"u","1758":"t","1759":"e","1760":"d","1761":"(","1762":"(","1763":")","1764":" ","1765":"=","1766":">","1767":" ","1768":"s","1769":"t","1770":"o","1771":"r","1772":"e","1773":".","1774":"g","1775":"e","1776":"t","1777":"t","1778":"e","1779":"r","1780":"s","1781":".","1782":"i","1783":"s","1784":"F","1785":"a","1786":"v","1787":"o","1788":"r","1789":"i","1790":"t","1791":"e","1792":"(","1793":"p","1794":"r","1795":"o","1796":"p","1797":"s","1798":".","1799":"m","1800":"o","1801":"v","1802":"i","1803":"e","1804":")","1805":")","1806":"\\","1807":"r","1808":"\\","1809":"n","1810":" ","1811":" ","1812":" ","1813":" ","1814":"c","1815":"o","1816":"n","1817":"s","1818":"t","1819":" ","1820":"t","1821":"o","1822":"g","1823":"g","1824":"l","1825":"e","1826":"F","1827":"a","1828":"v","1829":"o","1830":"r","1831":"i","1832":"t","1833":"e","1834":" ","1835":"=","1836":" ","1837":"(","1838":")","1839":" ","1840":"=","1841":">","1842":" ","1843":"{","1844":"\\","1845":"r","1846":"\\","1847":"n","1848":" ","1849":" ","1850":" ","1851":" ","1852":" ","1853":" ","1854":"s","1855":"t","1856":"o","1857":"r","1858":"e","1859":".","1860":"c","1861":"o","1862":"m","1863":"m","1864":"i","1865":"t","1866":"(","1867":"'","1868":"t","1869":"o","1870":"g","1871":"g","1872":"l","1873":"e","1874":"F","1875":"a","1876":"v","1877":"o","1878":"r","1879":"i","1880":"t","1881":"e","1882":"'","1883":",","1884":" ","1885":"p","1886":"r","1887":"o","1888":"p","1889":"s","1890":".","1891":"m","1892":"o","1893":"v","1894":"i","1895":"e","1896":")","1897":"\\","1898":"r","1899":"\\","1900":"n","1901":" ","1902":" ","1903":" ","1904":" ","1905":"}","1906":"\\","1907":"r","1908":"\\","1909":"n","1910":" ","1911":" ","1912":" ","1913":" ","1914":"r","1915":"e","1916":"t","1917":"u","1918":"r","1919":"n","1920":" ","1921":"{","1922":" ","1923":"i","1924":"s","1925":"F","1926":"a","1927":"v","1928":"o","1929":"r","1930":"i","1931":"t","1932":"e","1933":",","1934":" ","1935":"t","1936":"o","1937":"g","1938":"g","1939":"l","1940":"e","1941":"F","1942":"a","1943":"v","1944":"o","1945":"r","1946":"i","1947":"t","1948":"e","1949":" ","1950":"}","1951":"\\","1952":"r","1953":"\\","1954":"n","1955":" ","1956":" ","1957":"}","1958":"\\","1959":"r","1960":"\\","1961":"n","1962":"}","1963":")","1964":"\\","1965":"r","1966":"\\","1967":"n","1968":"<","1969":"/","1970":"s","1971":"c","1972":"r","1973":"i","1974":"p","1975":"t","1976":">","1977":"\\","1978":"r","1979":"\\","1980":"n","1981":"\\","1982":"r","1983":"\\","1984":"n","1985":"<","1986":"s","1987":"t","1988":"y","1989":"l","1990":"e","1991":" ","1992":"l","1993":"a","1994":"n","1995":"g","1996":"=","1997":"\\","1998":"\"","1999":"s","2000":"c","2001":"s","2002":"s","2003":"\\","2004":"\"","2005":">","2006":"\\","2007":"r","2008":"\\","2009":"n","2010":".","2011":"m","2012":"o","2013":"v","2014":"i","2015":"e","2016":"-","2017":"c","2018":"a","2019":"r","2020":"d","2021":" ","2022":"{","2023":"\\","2024":"r","2025":"\\","2026":"n","2027":" ","2028":" ","2029":"b","2030":"a","2031":"c","2032":"k","2033":"g","2034":"r","2035":"o","2036":"u","2037":"n","2038":"d","2039":":","2040":" ","2041":"w","2042":"h","2043":"i","2044":"t","2045":"e","2046":";","2047":"\\","2048":"r","2049":"\\","2050":"n","2051":" ","2052":" ","2053":"b","2054":"o","2055":"r","2056":"d","2057":"e","2058":"r","2059":"-","2060":"r","2061":"a","2062":"d","2063":"i","2064":"u","2065":"s","2066":":","2067":" ","2068":"1","2069":"2","2070":"p","2071":"x","2072":";","2073":"\\","2074":"r","2075":"\\","2076":"n","2077":" ","2078":" ","2079":"h","2080":"e","2081":"i","2082":"g","2083":"h","2084":"t","2085":":","2086":" ","2087":"2","2088":"5","2089":"0","2090":"p","2091":"x","2092":";","2093":" ","2094":"/","2095":"*","2096":" ","2097":"F","2098":"i","2099":"x","2100":"e","2101":"d","2102":" ","2103":"h","2104":"e","2105":"i","2106":"g","2107":"h","2108":"t","2109":" ","2110":"*","2111":"/","2112":"\\","2113":"r","2114":"\\","2115":"n","2116":" ","2117":" ","2118":"p","2119":"a","2120":"d","2121":"d","2122":"i","2123":"n","2124":"g","2125":":","2126":" ","2127":"2","2128":"0","2129":"p","2130":"x","2131":";","2132":"\\","2133":"r","2134":"\\","2135":"n","2136":" ","2137":" ","2138":"b","2139":"o","2140":"x","2141":"-","2142":"s","2143":"h","2144":"a","2145":"d","2146":"o","2147":"w","2148":":","2149":" ","2150":"0","2151":" ","2152":"4","2153":"p","2154":"x","2155":" ","2156":"1","2157":"2","2158":"p","2159":"x","2160":" ","2161":"r","2162":"g","2163":"b","2164":"a","2165":"(","2166":"0","2167":",","2168":" ","2169":"0","2170":",","2171":" ","2172":"0","2173":",","2174":" ","2175":"0","2176":".","2177":"0","2178":"8","2179":")","2180":";","2181":"\\","2182":"r","2183":"\\","2184":"n","2185":" ","2186":" ","2187":"t","2188":"r","2189":"a","2190":"n","2191":"s","2192":"i","2193":"t","2194":"i","2195":"o","2196":"n","2197":":","2198":" ","2199":"t","2200":"r","2201":"a","2202":"n","2203":"s","2204":"f","2205":"o","2206":"r","2207":"m","2208":" ","2209":"0","2210":".","2211":"3","2212":"s","2213":" ","2214":"e","2215":"a","2216":"s","2217":"e","2218":";","2219":"\\","2220":"r","2221":"\\","2222":"n","2223":" ","2224":" ","2225":"p","2226":"o","2227":"s","2228":"i","2229":"t","2230":"i","2231":"o","2232":"n","2233":":","2234":" ","2235":"r","2236":"e","2237":"l","2238":"a","2239":"t","2240":"i","2241":"v","2242":"e","2243":";","2244":"\\","2245":"r","2246":"\\","2247":"n","2248":"\\","2249":"r","2250":"\\","2251":"n","2252":" ","2253":" ","2254":"&","2255":":","2256":"h","2257":"o","2258":"v","2259":"e","2260":"r","2261":" ","2262":"{","2263":"\\","2264":"r","2265":"\\","2266":"n","2267":" ","2268":" ","2269":" ","2270":" ","2271":"t","2272":"r","2273":"a","2274":"n","2275":"s","2276":"f","2277":"o","2278":"r","2279":"m","2280":":","2281":" ","2282":"t","2283":"r","2284":"a","2285":"n","2286":"s","2287":"l","2288":"a","2289":"t","2290":"e","2291":"Y","2292":"(","2293":"-","2294":"4","2295":"p","2296":"x","2297":")","2298":";","2299":"\\","2300":"r","2301":"\\","2302":"n","2303":" ","2304":" ","2305":" ","2306":" ","2307":"b","2308":"o","2309":"x","2310":"-","2311":"s","2312":"h","2313":"a","2314":"d","2315":"o","2316":"w","2317":":","2318":" ","2319":"0","2320":" ","2321":"6","2322":"p","2323":"x","2324":" ","2325":"1","2326":"6","2327":"p","2328":"x","2329":" ","2330":"r","2331":"g","2332":"b","2333":"a","2334":"(","2335":"0","2336":",","2337":" ","2338":"0","2339":",","2340":" ","2341":"0","2342":",","2343":" ","2344":"0","2345":".","2346":"1","2347":"2","2348":")","2349":";","2350":"\\","2351":"r","2352":"\\","2353":"n","2354":" ","2355":" ","2356":"}","2357":"\\","2358":"r","2359":"\\","2360":"n","2361":"\\","2362":"r","2363":"\\","2364":"n","2365":" ","2366":" ","2367":".","2368":"c","2369":"o","2370":"n","2371":"t","2372":"e","2373":"n","2374":"t","2375":" ","2376":"{","2377":"\\","2378":"r","2379":"\\","2380":"n","2381":" ","2382":" ","2383":" ","2384":" ","2385":"t","2386":"e","2387":"x","2388":"t","2389":"-","2390":"a","2391":"l","2392":"i","2393":"g","2394":"n","2395":":","2396":" ","2397":"c","2398":"e","2399":"n","2400":"t","2401":"e","2402":"r","2403":";","2404":"\\","2405":"r","2406":"\\","2407":"n","2408":"\\","2409":"r","2410":"\\","2411":"n","2412":" ","2413":" ","2414":" ","2415":" ","2416":".","2417":"t","2418":"i","2419":"t","2420":"l","2421":"e","2422":" ","2423":"{","2424":"\\","2425":"r","2426":"\\","2427":"n","2428":" ","2429":" ","2430":" ","2431":" ","2432":" ","2433":" ","2434":"f","2435":"o","2436":"n","2437":"t","2438":"-","2439":"s","2440":"i","2441":"z","2442":"e","2443":":","2444":" ","2445":"1","2446":".","2447":"4","2448":"r","2449":"e","2450":"m","2451":";","2452":"\\","2453":"r","2454":"\\","2455":"n","2456":" ","2457":" ","2458":" ","2459":" ","2460":" ","2461":" ","2462":"m","2463":"a","2464":"r","2465":"g","2466":"i","2467":"n","2468":":","2469":" ","2470":"0","2471":" ","2472":"0","2473":" ","2474":"1","2475":"2","2476":"p","2477":"x","2478":";","2479":"\\","2480":"r","2481":"\\","2482":"n","2483":" ","2484":" ","2485":" ","2486":" ","2487":" ","2488":" ","2489":"c","2490":"o","2491":"l","2492":"o","2493":"r","2494":":","2495":" ","2496":"#","2497":"2","2498":"c","2499":"3","2500":"e","2501":"5","2502":"0","2503":";","2504":"\\","2505":"r","2506":"\\","2507":"n","2508":" ","2509":" ","2510":" ","2511":" ","2512":" ","2513":" ","2514":"f","2515":"o","2516":"n","2517":"t","2518":"-","2519":"w","2520":"e","2521":"i","2522":"g","2523":"h","2524":"t","2525":":","2526":" ","2527":"6","2528":"0","2529":"0","2530":";","2531":"\\","2532":"r","2533":"\\","2534":"n","2535":" ","2536":" ","2537":" ","2538":" ","2539":"}","2540":"\\","2541":"r","2542":"\\","2543":"n","2544":"\\","2545":"r","2546":"\\","2547":"n","2548":" ","2549":" ","2550":" ","2551":" ","2552":".","2553":"y","2554":"e","2555":"a","2556":"r","2557":" ","2558":"{","2559":"\\","2560":"r","2561":"\\","2562":"n","2563":" ","2564":" ","2565":" ","2566":" ","2567":" ","2568":" ","2569":"f","2570":"o","2571":"n","2572":"t","2573":"-","2574":"s","2575":"i","2576":"z","2577":"e","2578":":","2579":" ","2580":"1","2581":".","2582":"1","2583":"r","2584":"e","2585":"m","2586":";","2587":"\\","2588":"r","2589":"\\","2590":"n","2591":" ","2592":" ","2593":" ","2594":" ","2595":" ","2596":" ","2597":"c","2598":"o","2599":"l","2600":"o","2601":"r","2602":":","2603":" ","2604":"#","2605":"3","2606":"4","2607":"4","2608":"9","2609":"5","2610":"e","2611":";","2612":"\\","2613":"r","2614":"\\","2615":"n","2616":" ","2617":" ","2618":" ","2619":" ","2620":" ","2621":" ","2622":"m","2623":"a","2624":"r","2625":"g","2626":"i","2627":"n","2628":":","2629":" ","2630":"8","2631":"p","2632":"x","2633":" ","2634":"0","2635":";","2636":"\\","2637":"r","2638":"\\","2639":"n","2640":" ","2641":" ","2642":" ","2643":" ","2644":"}","2645":"\\","2646":"r","2647":"\\","2648":"n","2649":"\\","2650":"r","2651":"\\","2652":"n","2653":" ","2654":" ","2655":" ","2656":" ","2657":".","2658":"i","2659":"m","2660":"d","2661":"b","2662":" ","2663":"{","2664":"\\","2665":"r","2666":"\\","2667":"n","2668":" ","2669":" ","2670":" ","2671":" ","2672":" ","2673":" ","2674":"f","2675":"o","2676":"n","2677":"t","2678":"-","2679":"s","2680":"i","2681":"z","2682":"e","2683":":","2684":" ","2685":"0","2686":".","2687":"9","2688":"r","2689":"e","2690":"m","2691":";","2692":"\\","2693":"r","2694":"\\","2695":"n","2696":" ","2697":" ","2698":" ","2699":" ","2700":" ","2701":" ","2702":"c","2703":"o","2704":"l","2705":"o","2706":"r","2707":":","2708":" ","2709":"#","2710":"7","2711":"f","2712":"8","2713":"c","2714":"8","2715":"d","2716":";","2717":"\\","2718":"r","2719":"\\","2720":"n","2721":" ","2722":" ","2723":" ","2724":" ","2725":" ","2726":" ","2727":"f","2728":"o","2729":"n","2730":"t","2731":"-","2732":"f","2733":"a","2734":"m","2735":"i","2736":"l","2737":"y","2738":":","2739":" ","2740":"m","2741":"o","2742":"n","2743":"o","2744":"s","2745":"p","2746":"a","2747":"c","2748":"e","2749":";","2750":"\\","2751":"r","2752":"\\","2753":"n","2754":" ","2755":" ","2756":" ","2757":" ","2758":" ","2759":" ","2760":"m","2761":"a","2762":"r","2763":"g","2764":"i","2765":"n","2766":":","2767":" ","2768":"8","2769":"p","2770":"x","2771":" ","2772":"0","2773":";","2774":"\\","2775":"r","2776":"\\","2777":"n","2778":" ","2779":" ","2780":" ","2781":" ","2782":"}","2783":"\\","2784":"r","2785":"\\","2786":"n","2787":"\\","2788":"r","2789":"\\","2790":"n","2791":" ","2792":" ","2793":" ","2794":" ","2795":"b","2796":"u","2797":"t","2798":"t","2799":"o","2800":"n","2801":" ","2802":"{","2803":"\\","2804":"r","2805":"\\","2806":"n","2807":" ","2808":" ","2809":" ","2810":" ","2811":" ","2812":" ","2813":"p","2814":"o","2815":"s","2816":"i","2817":"t","2818":"i","2819":"o","2820":"n","2821":":","2822":" ","2823":"a","2824":"b","2825":"s","2826":"o","2827":"l","2828":"u","2829":"t","2830":"e","2831":";","2832":"\\","2833":"r","2834":"\\","2835":"n","2836":" ","2837":" ","2838":" ","2839":" ","2840":" ","2841":" ","2842":"t","2843":"o","2844":"p","2845":":","2846":" ","2847":"-","2848":"1","2849":"5","2850":"p","2851":"x","2852":";","2853":"\\","2854":"r","2855":"\\","2856":"n","2857":" ","2858":" ","2859":" ","2860":" ","2861":" ","2862":" ","2863":"r","2864":"i","2865":"g","2866":"h","2867":"t","2868":":","2869":" ","2870":"1","2871":"5","2872":"p","2873":"x","2874":";","2875":"\\","2876":"r","2877":"\\","2878":"n","2879":" ","2880":" ","2881":" ","2882":" ","2883":" ","2884":" ","2885":"b","2886":"a","2887":"c","2888":"k","2889":"g","2890":"r","2891":"o","2892":"u","2893":"n","2894":"d","2895":":","2896":" ","2897":"w","2898":"h","2899":"i","2900":"t","2901":"e","2902":";","2903":"\\","2904":"r","2905":"\\","2906":"n","2907":" ","2908":" ","2909":" ","2910":" ","2911":" ","2912":" ","2913":"b","2914":"o","2915":"r","2916":"d","2917":"e","2918":"r","2919":":","2920":" ","2921":"n","2922":"o","2923":"n","2924":"e","2925":";","2926":"\\","2927":"r","2928":"\\","2929":"n","2930":" ","2931":" ","2932":" ","2933":" ","2934":" ","2935":" ","2936":"b","2937":"o","2938":"r","2939":"d","2940":"e","2941":"r","2942":"-","2943":"r","2944":"a","2945":"d","2946":"i","2947":"u","2948":"s","2949":":","2950":" ","2951":"5","2952":"0","2953":"%","2954":";","2955":"\\","2956":"r","2957":"\\","2958":"n","2959":" ","2960":" ","2961":" ","2962":" ","2963":" ","2964":" ","2965":"w","2966":"i","2967":"d","2968":"t","2969":"h","2970":":","2971":" ","2972":"4","2973":"0","2974":"p","2975":"x","2976":";","2977":"\\","2978":"r","2979":"\\","2980":"n","2981":" ","2982":" ","2983":" ","2984":" ","2985":" ","2986":" ","2987":"h","2988":"e","2989":"i","2990":"g","2991":"h","2992":"t","2993":":","2994":" ","2995":"4","2996":"0","2997":"p","2998":"x","2999":";","3000":"\\","3001":"r","3002":"\\","3003":"n","3004":" ","3005":" ","3006":" ","3007":" ","3008":" ","3009":" ","3010":"f","3011":"o","3012":"n","3013":"t","3014":"-","3015":"s","3016":"i","3017":"z","3018":"e","3019":":","3020":" ","3021":"1","3022":".","3023":"6","3024":"r","3025":"e","3026":"m","3027":";","3028":"\\","3029":"r","3030":"\\","3031":"n","3032":" ","3033":" ","3034":" ","3035":" ","3036":" ","3037":" ","3038":"c","3039":"u","3040":"r","3041":"s","3042":"o","3043":"r","3044":":","3045":" ","3046":"p","3047":"o","3048":"i","3049":"n","3050":"t","3051":"e","3052":"r","3053":";","3054":"\\","3055":"r","3056":"\\","3057":"n","3058":" ","3059":" ","3060":" ","3061":" ","3062":" ","3063":" ","3064":"b","3065":"o","3066":"x","3067":"-","3068":"s","3069":"h","3070":"a","3071":"d","3072":"o","3073":"w","3074":":","3075":" ","3076":"0","3077":" ","3078":"2","3079":"p","3080":"x","3081":" ","3082":"8","3083":"p","3084":"x","3085":" ","3086":"r","3087":"g","3088":"b","3089":"a","3090":"(","3091":"0","3092":",","3093":" ","3094":"0","3095":",","3096":" ","3097":"0","3098":",","3099":" ","3100":"0","3101":".","3102":"1","3103":"5","3104":")","3105":";","3106":"\\","3107":"r","3108":"\\","3109":"n","3110":" ","3111":" ","3112":" ","3113":" ","3114":" ","3115":" ","3116":"t","3117":"r","3118":"a","3119":"n","3120":"s","3121":"i","3122":"t","3123":"i","3124":"o","3125":"n","3126":":","3127":" ","3128":"a","3129":"l","3130":"l","3131":" ","3132":"0","3133":".","3134":"2","3135":"s","3136":" ","3137":"e","3138":"a","3139":"s","3140":"e","3141":";","3142":"\\","3143":"r","3144":"\\","3145":"n","3146":" ","3147":" ","3148":" ","3149":" ","3150":" ","3151":" ","3152":"\\","3153":"r","3154":"\\","3155":"n","3156":" ","3157":" ","3158":" ","3159":" ","3160":" ","3161":" ","3162":"&","3163":":","3164":"h","3165":"o","3166":"v","3167":"e","3168":"r","3169":" ","3170":"{","3171":"\\","3172":"r","3173":"\\","3174":"n","3175":" ","3176":" ","3177":" ","3178":" ","3179":" ","3180":" ","3181":" ","3182":" ","3183":"t","3184":"r","3185":"a","3186":"n","3187":"s","3188":"f","3189":"o","3190":"r","3191":"m","3192":":","3193":" ","3194":"s","3195":"c","3196":"a","3197":"l","3198":"e","3199":"(","3200":"1","3201":".","3202":"1","3203":")","3204":";","3205":"\\","3206":"r","3207":"\\","3208":"n","3209":" ","3210":" ","3211":" ","3212":" ","3213":" ","3214":" ","3215":"}","3216":"\\","3217":"r","3218":"\\","3219":"n","3220":"\\","3221":"r","3222":"\\","3223":"n","3224":" ","3225":" ","3226":" ","3227":" ","3228":" ","3229":" ","3230":"&","3231":".","3232":"i","3233":"s","3234":"-","3235":"f","3236":"a","3237":"v","3238":"o","3239":"r","3240":"i","3241":"t","3242":"e","3243":" ","3244":"{","3245":"\\","3246":"r","3247":"\\","3248":"n","3249":" ","3250":" ","3251":" ","3252":" ","3253":" ","3254":" ","3255":" ","3256":" ","3257":"c","3258":"o","3259":"l","3260":"o","3261":"r","3262":":","3263":" ","3264":"#","3265":"f","3266":"f","3267":"d","3268":"7","3269":"0","3270":"0","3271":";","3272":"\\","3273":"r","3274":"\\","3275":"n","3276":" ","3277":" ","3278":" ","3279":" ","3280":" ","3281":" ","3282":" ","3283":" ","3284":"a","3285":"n","3286":"i","3287":"m","3288":"a","3289":"t","3290":"i","3291":"o","3292":"n","3293":":","3294":" ","3295":"p","3296":"u","3297":"l","3298":"s","3299":"e","3300":" ","3301":"0","3302":".","3303":"3","3304":"s","3305":" ","3306":"e","3307":"a","3308":"s","3309":"e","3310":";","3311":"\\","3312":"r","3313":"\\","3314":"n","3315":" ","3316":" ","3317":" ","3318":" ","3319":" ","3320":" ","3321":"}","3322":"\\","3323":"r","3324":"\\","3325":"n","3326":" ","3327":" ","3328":" ","3329":" ","3330":"}","3331":"\\","3332":"r","3333":"\\","3334":"n","3335":" ","3336":" ","3337":"}","3338":"\\","3339":"r","3340":"\\","3341":"n","3342":"}","3343":"\\","3344":"r","3345":"\\","3346":"n","3347":"\\","3348":"r","3349":"\\","3350":"n","3351":"@","3352":"k","3353":"e","3354":"y","3355":"f","3356":"r","3357":"a","3358":"m","3359":"e","3360":"s","3361":" ","3362":"p","3363":"u","3364":"l","3365":"s","3366":"e","3367":" ","3368":"{","3369":"\\","3370":"r","3371":"\\","3372":"n","3373":" ","3374":" ","3375":"0","3376":"%","3377":" ","3378":"{","3379":" ","3380":"t","3381":"r","3382":"a","3383":"n","3384":"s","3385":"f","3386":"o","3387":"r","3388":"m","3389":":","3390":" ","3391":"s","3392":"c","3393":"a","3394":"l","3395":"e","3396":"(","3397":"1","3398":")","3399":";","3400":" ","3401":"}","3402":"\\","3403":"r","3404":"\\","3405":"n","3406":" ","3407":" ","3408":"5","3409":"0","3410":"%","3411":" ","3412":"{","3413":" ","3414":"t","3415":"r","3416":"a","3417":"n","3418":"s","3419":"f","3420":"o","3421":"r","3422":"m","3423":":","3424":" ","3425":"s","3426":"c","3427":"a","3428":"l","3429":"e","3430":"(","3431":"1","3432":".","3433":"2","3434":")","3435":";","3436":" ","3437":"}","3438":"\\","3439":"r","3440":"\\","3441":"n","3442":" ","3443":" ","3444":"1","3445":"0","3446":"0","3447":"%","3448":" ","3449":"{","3450":" ","3451":"t","3452":"r","3453":"a","3454":"n","3455":"s","3456":"f","3457":"o","3458":"r","3459":"m","3460":":","3461":" ","3462":"s","3463":"c","3464":"a","3465":"l","3466":"e","3467":"(","3468":"1","3469":")","3470":";","3471":" ","3472":"}","3473":"\\","3474":"r","3475":"\\","3476":"n","3477":"}","3478":"\\","3479":"r","3480":"\\","3481":"n","3482":"<","3483":"/","3484":"s","3485":"t","3486":"y","3487":"l","3488":"e","3489":">","3490":"\\","3491":"r","3492":"\\","3493":"n","3494":"\"","3495":"]","3496":"}"}}
,"H:\\Task\\1_job_testing\\project\\my-vue-app\\src\\components\\movies\\MovieGrid.vue": {"path":"H:\\Task\\1_job_testing\\project\\my-vue-app\\src\\components\\movies\\MovieGrid.vue","statementMap":{"0":{"start":{"line":3,"column":0},"end":{"line":5,"column":3}},"1":{"start":{"line":6,"column":12},"end":{"line":6,"column":26}},"2":{"start":{"line":7,"column":22},"end":{"line":7,"column":66}},"3":{"start":{"line":8,"column":0},"end":{"line":19,"column":3}},"4":{"start":{"line":20,"column":0},"end":{"line":20,"column":13}},"5":{"start":{"line":21,"column":0},"end":{"line":21,"column":62}},"6":{"start":{"line":22,"column":0},"end":{"line":22,"column":24}},"7":{"start":{"line":23,"column":12},"end":{"line":23,"column":26}},"8":{"start":{"line":24,"column":17},"end":{"line":24,"column":40}},"9":{"start":{"line":26,"column":31},"end":{"line":26,"column":71}},"10":{"start":{"line":27,"column":4},"end":{"line":34,"column":8}},"11":{"start":{"line":29,"column":12},"end":{"line":32,"column":48}},"12":{"start":{"line":36,"column":1},"end":{"line":36,"column":48}}},"fnMap":{"0":{"name":"render","decl":{"start":{"line":25,"column":9},"end":{"line":25,"column":15}},"loc":{"start":{"line":25,"column":30},"end":{"line":35,"column":1}},"line":25},"1":{"name":"(anonymous_1)","decl":{"start":{"line":28,"column":124},"end":{"line":28,"column":125}},"loc":{"start":{"line":28,"column":141},"end":{"line":33,"column":9}},"line":28}},"branchMap":{},"s":{"0":0,"1":0,"2":0,"3":0,"4":0,"5":0,"6":0,"7":0,"8":0,"9":0,"10":0,"11":0,"12":0},"f":{"0":0,"1":0},"b":{},"inputSourceMap":{"0":"{","1":"\"","2":"v","3":"e","4":"r","5":"s","6":"i","7":"o","8":"n","9":"\"","10":":","11":"3","12":",","13":"\"","14":"s","15":"o","16":"u","17":"r","18":"c","19":"e","20":"s","21":"\"","22":":","23":"[","24":"\"","25":"H","26":":","27":"\\","28":"\\","29":"T","30":"a","31":"s","32":"k","33":"\\","34":"\\","35":"1","36":"_","37":"j","38":"o","39":"b","40":"_","41":"t","42":"e","43":"s","44":"t","45":"i","46":"n","47":"g","48":"\\","49":"\\","50":"p","51":"r","52":"o","53":"j","54":"e","55":"c","56":"t","57":"\\","58":"\\","59":"m","60":"y","61":"-","62":"v","63":"u","64":"e","65":"-","66":"a","67":"p","68":"p","69":"\\","70":"\\","71":"s","72":"r","73":"c","74":"\\","75":"\\","76":"c","77":"o","78":"m","79":"p","80":"o","81":"n","82":"e","83":"n","84":"t","85":"s","86":"\\","87":"\\","88":"m","89":"o","90":"v","91":"i","92":"e","93":"s","94":"\\","95":"\\","96":"M","97":"o","98":"v","99":"i","100":"e","101":"G","102":"r","103":"i","104":"d","105":".","106":"v","107":"u","108":"e","109":"\"","110":"]","111":",","112":"\"","113":"n","114":"a","115":"m","116":"e","117":"s","118":"\"","119":":","120":"[","121":"]","122":",","123":"\"","124":"m","125":"a","126":"p","127":"p","128":"i","129":"n","130":"g","131":"s","132":"\"","133":":","134":"\"","135":";","136":";","137":"A","138":"A","139":"W","140":"A","141":",","142":"M","143":"A","144":"A","145":"M","146":",","147":"C","148":"A","149":"A","150":"C","151":",","152":"c","153":"A","154":"A","155":"c","156":",","157":"C","158":"A","159":"A","160":"C","161":",","162":"O","163":"A","164":"A","165":"O","166":",","167":"E","168":"A","169":"A","170":"E","171":",","172":"Y","173":"A","174":"A","175":"Y","176":",","177":"E","178":"A","179":"A","180":"E","181":";","182":"E","183":"A","184":"A","185":"E","186":",","187":"K","188":"A","189":"A","190":"K","191":",","192":"E","193":"A","194":"A","195":"E","196":";","197":"A","198":"A","199":"A","200":"K","201":",","202":"C","203":"A","204":"A","205":"C","206":",","207":"C","208":"A","209":"A","210":"C","211":";","212":"A","213":"A","214":"C","215":"7","216":"D","217":",","218":"I","219":"A","220":"A","221":"I","222":",","223":"K","224":"A","225":"A","226":"K","227":",","228":"G","229":"A","230":"A","231":"G","232":",","233":"O","234":"A","235":"A","236":"O","237":",","238":"C","239":"A","240":"A","241":"C","242":",","243":"K","244":"A","245":"A","246":"K","247":",","248":"C","249":"A","250":"A","251":"C","252":";","253":"A","254":"A","255":"C","256":"1","257":"B","258":",","259":"I","260":"A","261":"A","262":"I","263":",","264":"e","265":"A","266":"A","267":"e","268":",","269":"G","270":"A","271":"A","272":"G","273":",","274":"O","275":"A","276":"A","277":"O","278":",","279":"C","280":"A","281":"A","282":"C","283":",","284":"m","285":"C","286":"A","287":"A","288":"m","289":"C","290":",","291":"C","292":"A","293":"A","294":"C","295":";","296":";","297":"E","298":"A","299":"E","300":"9","301":"D","302":",","303":"I","304":"A","305":"A","306":"I","307":",","308":"E","309":"A","310":"A","311":"E","312":",","313":"W","314":"A","315":"A","316":"W","317":";","318":"E","319":"A","320":"C","321":"j","322":"B","323":",","324":"U","325":"A","326":"A","327":"U","328":",","329":"E","330":"A","331":"A","332":"E","333":";","334":"I","335":"A","336":"A","337":"E","338":",","339":"S","340":"A","341":"A","342":"S","343":",","344":"E","345":"A","346":"A","347":"E","348":",","349":"e","350":"A","351":"A","352":"e","353":",","354":"C","355":"A","356":"A","357":"C","358":";","359":"E","360":"A","361":"A","362":"Q","363":",","364":"C","365":"A","366":"A","367":"C","368":";","369":"E","370":"A","371":"C","372":"l","373":"D","374":",","375":"K","376":"A","377":"A","378":"K","379":",","380":"E","381":"A","382":"A","383":"E","384":";","385":"I","386":"A","387":"C","388":"H","389":",","390":"M","391":"A","392":"A","393":"M","394":",","395":"E","396":"A","397":"A","398":"E","399":";","400":"M","401":"A","402":"C","403":"J","404":",","405":"I","406":"A","407":"A","408":"I","409":",","410":"E","411":"A","412":"A","413":"E","414":",","415":"K","416":"A","417":"A","418":"K","419":";","420":"M","421":"A","422":"C","423":"X","424":",","425":"Q","426":"A","427":"A","428":"Q","429":",","430":"E","431":"A","432":"A","433":"E","434":";","435":"I","436":"A","437":"C","438":"d","439":";","440":"E","441":"A","442":"C","443":"J","444":";","445":"E","446":"A","447":"C","448":"F","449":"\"","450":",","451":"\"","452":"f","453":"i","454":"l","455":"e","456":"\"","457":":","458":"\"","459":"H","460":":","461":"\\","462":"\\","463":"T","464":"a","465":"s","466":"k","467":"\\","468":"\\","469":"1","470":"_","471":"j","472":"o","473":"b","474":"_","475":"t","476":"e","477":"s","478":"t","479":"i","480":"n","481":"g","482":"\\","483":"\\","484":"p","485":"r","486":"o","487":"j","488":"e","489":"c","490":"t","491":"\\","492":"\\","493":"m","494":"y","495":"-","496":"v","497":"u","498":"e","499":"-","500":"a","501":"p","502":"p","503":"\\","504":"\\","505":"s","506":"r","507":"c","508":"\\","509":"\\","510":"c","511":"o","512":"m","513":"p","514":"o","515":"n","516":"e","517":"n","518":"t","519":"s","520":"\\","521":"\\","522":"m","523":"o","524":"v","525":"i","526":"e","527":"s","528":"\\","529":"\\","530":"M","531":"o","532":"v","533":"i","534":"e","535":"G","536":"r","537":"i","538":"d","539":".","540":"v","541":"u","542":"e","543":"\"","544":",","545":"\"","546":"s","547":"o","548":"u","549":"r","550":"c","551":"e","552":"s","553":"C","554":"o","555":"n","556":"t","557":"e","558":"n","559":"t","560":"\"","561":":","562":"[","563":"\"","564":"<","565":"t","566":"e","567":"m","568":"p","569":"l","570":"a","571":"t","572":"e","573":">","574":"\\","575":"r","576":"\\","577":"n","578":" ","579":" ","580":"<","581":"d","582":"i","583":"v","584":" ","585":"c","586":"l","587":"a","588":"s","589":"s","590":"=","591":"\\","592":"\"","593":"m","594":"o","595":"v","596":"i","597":"e","598":"-","599":"g","600":"r","601":"i","602":"d","603":"\\","604":"\"","605":">","606":"\\","607":"r","608":"\\","609":"n","610":" ","611":" ","612":" ","613":" ","614":"<","615":"M","616":"o","617":"v","618":"i","619":"e","620":"C","621":"a","622":"r","623":"d","624":" ","625":"\\","626":"r","627":"\\","628":"n","629":" ","630":" ","631":" ","632":" ","633":" ","634":" ","635":"v","636":"-","637":"f","638":"o","639":"r","640":"=","641":"\\","642":"\"","643":"m","644":"o","645":"v","646":"i","647":"e","648":" ","649":"i","650":"n","651":" ","652":"m","653":"o","654":"v","655":"i","656":"e","657":"s","658":"\\","659":"\"","660":" ","661":"\\","662":"r","663":"\\","664":"n","665":" ","666":" ","667":" ","668":" ","669":" ","670":" ","671":":","672":"k","673":"e","674":"y","675":"=","676":"\\","677":"\"","678":"m","679":"o","680":"v","681":"i","682":"e","683":".","684":"i","685":"m","686":"d","687":"b","688":"I","689":"D","690":"\\","691":"\"","692":" ","693":"\\","694":"r","695":"\\","696":"n","697":" ","698":" ","699":" ","700":" ","701":" ","702":" ","703":":","704":"m","705":"o","706":"v","707":"i","708":"e","709":"=","710":"\\","711":"\"","712":"m","713":"o","714":"v","715":"i","716":"e","717":"\\","718":"\"","719":"\\","720":"r","721":"\\","722":"n","723":" ","724":" ","725":" ","726":" ","727":"/","728":">","729":"\\","730":"r","731":"\\","732":"n","733":" ","734":" ","735":"<","736":"/","737":"d","738":"i","739":"v","740":">","741":"\\","742":"r","743":"\\","744":"n","745":"<","746":"/","747":"t","748":"e","749":"m","750":"p","751":"l","752":"a","753":"t","754":"e","755":">","756":"\\","757":"r","758":"\\","759":"n","760":"\\","761":"r","762":"\\","763":"n","764":"<","765":"s","766":"c","767":"r","768":"i","769":"p","770":"t","771":" ","772":"l","773":"a","774":"n","775":"g","776":"=","777":"\\","778":"\"","779":"t","780":"s","781":"\\","782":"\"","783":">","784":"\\","785":"r","786":"\\","787":"n","788":"i","789":"m","790":"p","791":"o","792":"r","793":"t","794":" ","795":"{","796":" ","797":"d","798":"e","799":"f","800":"i","801":"n","802":"e","803":"C","804":"o","805":"m","806":"p","807":"o","808":"n","809":"e","810":"n","811":"t","812":" ","813":"}","814":" ","815":"f","816":"r","817":"o","818":"m","819":" ","820":"'","821":"v","822":"u","823":"e","824":"'","825":"\\","826":"r","827":"\\","828":"n","829":"i","830":"m","831":"p","832":"o","833":"r","834":"t","835":" ","836":"M","837":"o","838":"v","839":"i","840":"e","841":"C","842":"a","843":"r","844":"d","845":" ","846":"f","847":"r","848":"o","849":"m","850":" ","851":"'","852":"@","853":"/","854":"c","855":"o","856":"m","857":"p","858":"o","859":"n","860":"e","861":"n","862":"t","863":"s","864":"/","865":"m","866":"o","867":"v","868":"i","869":"e","870":"s","871":"/","872":"M","873":"o","874":"v","875":"i","876":"e","877":"C","878":"a","879":"r","880":"d","881":".","882":"v","883":"u","884":"e","885":"'","886":"\\","887":"r","888":"\\","889":"n","890":"i","891":"m","892":"p","893":"o","894":"r","895":"t","896":" ","897":"t","898":"y","899":"p","900":"e","901":" ","902":"{","903":" ","904":"M","905":"o","906":"v","907":"i","908":"e","909":" ","910":"}","911":" ","912":"f","913":"r","914":"o","915":"m","916":" ","917":"'","918":"@","919":"/","920":"t","921":"y","922":"p","923":"e","924":"s","925":"/","926":"m","927":"o","928":"v","929":"i","930":"e","931":"'","932":"\\","933":"r","934":"\\","935":"n","936":"\\","937":"r","938":"\\","939":"n","940":"e","941":"x","942":"p","943":"o","944":"r","945":"t","946":" ","947":"d","948":"e","949":"f","950":"a","951":"u","952":"l","953":"t","954":" ","955":"d","956":"e","957":"f","958":"i","959":"n","960":"e","961":"C","962":"o","963":"m","964":"p","965":"o","966":"n","967":"e","968":"n","969":"t","970":"(","971":"{","972":"\\","973":"r","974":"\\","975":"n","976":" ","977":" ","978":"n","979":"a","980":"m","981":"e","982":":","983":" ","984":"'","985":"M","986":"o","987":"v","988":"i","989":"e","990":"G","991":"r","992":"i","993":"d","994":"'","995":",","996":"\\","997":"r","998":"\\","999":"n","1000":" ","1001":" ","1002":"c","1003":"o","1004":"m","1005":"p","1006":"o","1007":"n","1008":"e","1009":"n","1010":"t","1011":"s","1012":":","1013":" ","1014":"{","1015":" ","1016":"M","1017":"o","1018":"v","1019":"i","1020":"e","1021":"C","1022":"a","1023":"r","1024":"d","1025":" ","1026":"}","1027":",","1028":"\\","1029":"r","1030":"\\","1031":"n","1032":" ","1033":" ","1034":"p","1035":"r","1036":"o","1037":"p","1038":"s","1039":":","1040":" ","1041":"{","1042":"\\","1043":"r","1044":"\\","1045":"n","1046":" ","1047":" ","1048":" ","1049":" ","1050":"m","1051":"o","1052":"v","1053":"i","1054":"e","1055":"s","1056":":","1057":" ","1058":"{","1059":"\\","1060":"r","1061":"\\","1062":"n","1063":" ","1064":" ","1065":" ","1066":" ","1067":" ","1068":" ","1069":"t","1070":"y","1071":"p","1072":"e","1073":":","1074":" ","1075":"A","1076":"r","1077":"r","1078":"a","1079":"y","1080":" ","1081":"a","1082":"s","1083":" ","1084":"(","1085":")","1086":" ","1087":"=","1088":">","1089":" ","1090":"M","1091":"o","1092":"v","1093":"i","1094":"e","1095":"[","1096":"]","1097":",","1098":"\\","1099":"r","1100":"\\","1101":"n","1102":" ","1103":" ","1104":" ","1105":" ","1106":" ","1107":" ","1108":"r","1109":"e","1110":"q","1111":"u","1112":"i","1113":"r","1114":"e","1115":"d","1116":":","1117":" ","1118":"t","1119":"r","1120":"u","1121":"e","1122":"\\","1123":"r","1124":"\\","1125":"n","1126":" ","1127":" ","1128":" ","1129":" ","1130":"}","1131":"\\","1132":"r","1133":"\\","1134":"n","1135":" ","1136":" ","1137":"}","1138":"\\","1139":"r","1140":"\\","1141":"n","1142":"}","1143":")","1144":"\\","1145":"r","1146":"\\","1147":"n","1148":"<","1149":"/","1150":"s","1151":"c","1152":"r","1153":"i","1154":"p","1155":"t","1156":">","1157":"\\","1158":"r","1159":"\\","1160":"n","1161":"\\","1162":"r","1163":"\\","1164":"n","1165":"<","1166":"s","1167":"t","1168":"y","1169":"l","1170":"e","1171":" ","1172":"l","1173":"a","1174":"n","1175":"g","1176":"=","1177":"\\","1178":"\"","1179":"s","1180":"c","1181":"s","1182":"s","1183"
[...]
1":"K","1092":"A","1093":"A","1094":"K","1095":",","1096":"G","1097":"A","1098":"A","1099":"G","1100":",","1101":"K","1102":"A","1103":"A","1104":"K","1105":",","1106":"C","1107":"A","1108":"A","1109":"C","1110":",","1111":"K","1112":"A","1113":"A","1114":"K","1115":",","1116":"C","1117":"A","1118":"A","1119":"C","1120":",","1121":"W","1122":"A","1123":"A","1124":"W","1125":",","1126":"I","1127":"A","1128":"A","1129":"I","1130":",","1131":"O","1132":"A","1133":"A","1134":"O","1135":";","1136":";","1137":"I","1138":"A","1139":"E","1140":"l","1141":"D","1142":",","1143":"C","1144":"A","1145":"A","1146":"C","1147":";","1148":"I","1149":"A","1150":"C","1151":"D","1152":",","1153":"O","1154":"A","1155":"A","1156":"O","1157":";","1158":"M","1159":"A","1160":"C","1161":"H","1162":",","1163":"M","1164":"A","1165":"A","1166":"M","1167":",","1168":"E","1169":"A","1170":"A","1171":"E","1172":",","1173":"M","1174":"A","1175":"A","1176":"M","1177":";","1178":"M","1179":"A","1180":"C","1181":"d","1182":",","1183":"W","1184":"A","1185":"A","1186":"W","1187":",","1188":"E","1189":"A","1190":"A","1191":"E","1192":",","1193":"W","1194":"A","1195":"A","1196":"W","1197":";","1198":";","1199":"M","1200":"A","1201":"E","1202":"x","1203":"B","1204":",","1205":"g","1206":"B","1207":"A","1208":"A","1209":"g","1210":"B","1211":",","1212":"E","1213":"A","1214":"A","1215":"E","1216":";","1217":"I","1218":"A","1219":"C","1220":"t","1221":"B","1222":",","1223":"C","1224":"A","1225":"A","1226":"C","1227":"\"","1228":",","1229":"\"","1230":"f","1231":"i","1232":"l","1233":"e","1234":"\"","1235":":","1236":"\"","1237":"H","1238":":","1239":"\\","1240":"\\","1241":"T","1242":"a","1243":"s","1244":"k","1245":"\\","1246":"\\","1247":"1","1248":"_","1249":"j","1250":"o","1251":"b","1252":"_","1253":"t","1254":"e","1255":"s","1256":"t","1257":"i","1258":"n","1259":"g","1260":"\\","1261":"\\","1262":"p","1263":"r","1264":"o","1265":"j","1266":"e","1267":"c","1268":"t","1269":"\\","1270":"\\","1271":"m","1272":"y","1273":"-","1274":"v","1275":"u","1276":"e","1277":"-","1278":"a","1279":"p","1280":"p","1281":"\\","1282":"\\","1283":"s","1284":"r","1285":"c","1286":"\\","1287":"\\","1288":"v","1289":"i","1290":"e","1291":"w","1292":"s","1293":"\\","1294":"\\","1295":"M","1296":"o","1297":"v","1298":"i","1299":"e","1300":"L","1301":"i","1302":"s","1303":"t","1304":".","1305":"v","1306":"u","1307":"e","1308":"\"","1309":",","1310":"\"","1311":"s","1312":"o","1313":"u","1314":"r","1315":"c","1316":"e","1317":"s","1318":"C","1319":"o","1320":"n","1321":"t","1322":"e","1323":"n","1324":"t","1325":"\"","1326":":","1327":"[","1328":"\"","1329":"<","1330":"t","1331":"e","1332":"m","1333":"p","1334":"l","1335":"a","1336":"t","1337":"e","1338":">","1339":"\\","1340":"r","1341":"\\","1342":"n","1343":" ","1344":" ","1345":"<","1346":"d","1347":"i","1348":"v","1349":" ","1350":"c","1351":"l","1352":"a","1353":"s","1354":"s","1355":"=","1356":"\\","1357":"\"","1358":"m","1359":"o","1360":"v","1361":"i","1362":"e","1363":"-","1364":"l","1365":"i","1366":"s","1367":"t","1368":"-","1369":"v","1370":"i","1371":"e","1372":"w","1373":"\\","1374":"\"","1375":">","1376":"\\","1377":"r","1378":"\\","1379":"n","1380":" ","1381":" ","1382":" ","1383":" ","1384":"<","1385":"S","1386":"e","1387":"a","1388":"r","1389":"c","1390":"h","1391":"B","1392":"a","1393":"r","1394":" ","1395":"/","1396":">","1397":"\\","1398":"r","1399":"\\","1400":"n","1401":" ","1402":" ","1403":" ","1404":" ","1405":"<","1406":"M","1407":"o","1408":"v","1409":"i","1410":"e","1411":"G","1412":"r","1413":"i","1414":"d","1415":" ","1416":":","1417":"m","1418":"o","1419":"v","1420":"i","1421":"e","1422":"s","1423":"=","1424":"\\","1425":"\"","1426":"m","1427":"o","1428":"v","1429":"i","1430":"e","1431":"s","1432":"\\","1433":"\"","1434":" ","1435":"/","1436":">","1437":"\\","1438":"r","1439":"\\","1440":"n","1441":" ","1442":" ","1443":" ","1444":" ","1445":"<","1446":"P","1447":"a","1448":"g","1449":"i","1450":"n","1451":"a","1452":"t","1453":"i","1454":"o","1455":"n","1456":" ","1457":"\\","1458":"r","1459":"\\","1460":"n","1461":" ","1462":" ","1463":" ","1464":" ","1465":" ","1466":" ","1467":":","1468":"c","1469":"u","1470":"r","1471":"r","1472":"e","1473":"n","1474":"t","1475":"-","1476":"p","1477":"a","1478":"g","1479":"e","1480":"=","1481":"\\","1482":"\"","1483":"c","1484":"u","1485":"r","1486":"r","1487":"e","1488":"n","1489":"t","1490":"P","1491":"a","1492":"g","1493":"e","1494":"\\","1495":"\"","1496":"\\","1497":"r","1498":"\\","1499":"n","1500":" ","1501":" ","1502":" ","1503":" ","1504":" ","1505":" ","1506":":","1507":"t","1508":"o","1509":"t","1510":"a","1511":"l","1512":"-","1513":"p","1514":"a","1515":"g","1516":"e","1517":"s","1518":"=","1519":"\\","1520":"\"","1521":"t","1522":"o","1523":"t","1524":"a","1525":"l","1526":"P","1527":"a","1528":"g","1529":"e","1530":"s","1531":"\\","1532":"\"","1533":"\\","1534":"r","1535":"\\","1536":"n","1537":" ","1538":" ","1539":" ","1540":" ","1541":" ","1542":" ","1543":"@","1544":"p","1545":"a","1546":"g","1547":"e","1548":"-","1549":"c","1550":"h","1551":"a","1552":"n","1553":"g","1554":"e","1555":"=","1556":"\\","1557":"\"","1558":"h","1559":"a","1560":"n","1561":"d","1562":"l","1563":"e","1564":"P","1565":"a","1566":"g","1567":"e","1568":"C","1569":"h","1570":"a","1571":"n","1572":"g","1573":"e","1574":"\\","1575":"\"","1576":"\\","1577":"r","1578":"\\","1579":"n","1580":" ","1581":" ","1582":" ","1583":" ","1584":"/","1585":">","1586":"\\","1587":"r","1588":"\\","1589":"n","1590":" ","1591":" ","1592":"<","1593":"/","1594":"d","1595":"i","1596":"v","1597":">","1598":"\\","1599":"r","1600":"\\","1601":"n","1602":"<","1603":"/","1604":"t","1605":"e","1606":"m","1607":"p","1608":"l","1609":"a","1610":"t","1611":"e","1612":">","1613":"\\","1614":"r","1615":"\\","1616":"n","1617":"\\","1618":"r","1619":"\\","1620":"n","1621":"<","1622":"s","1623":"c","1624":"r","1625":"i","1626":"p","1627":"t","1628":" ","1629":"l","1630":"a","1631":"n","1632":"g","1633":"=","1634":"\\","1635":"\"","1636":"t","1637":"s","1638":"\\","1639":"\"","1640":">","1641":"\\","1642":"r","1643":"\\","1644":"n","1645":"i","1646":"m","1647":"p","1648":"o","1649":"r","1650":"t","1651":" ","1652":"{","1653":" ","1654":"d","1655":"e","1656":"f","1657":"i","1658":"n","1659":"e","1660":"C","1661":"o","1662":"m","1663":"p","1664":"o","1665":"n","1666":"e","1667":"n","1668":"t","1669":",","1670":" ","1671":"c","1672":"o","1673":"m","1674":"p","1675":"u","1676":"t","1677":"e","1678":"d","1679":",","1680":" ","1681":"o","1682":"n","1683":"M","1684":"o","1685":"u","1686":"n","1687":"t","1688":"e","1689":"d","1690":" ","1691":"}","1692":" ","1693":"f","1694":"r","1695":"o","1696":"m","1697":" ","1698":"\\","1699":"\"","1700":"v","1701":"u","1702":"e","1703":"\\","1704":"\"","1705":";","1706":"\\","1707":"r","1708":"\\","1709":"n","1710":"i","1711":"m","1712":"p","1713":"o","1714":"r","1715":"t","1716":" ","1717":"{","1718":" ","1719":"u","1720":"s","1721":"e","1722":"S","1723":"t","1724":"o","1725":"r","1726":"e","1727":" ","1728":"}","1729":" ","1730":"f","1731":"r","1732":"o","1733":"m","1734":" ","1735":"\\","1736":"\"","1737":"v","1738":"u","1739":"e","1740":"x","1741":"\\","1742":"\"","1743":";","1744":"\\","1745":"r","1746":"\\","1747":"n","1748":"i","1749":"m","1750":"p","1751":"o","1752":"r","1753":"t","1754":" ","1755":"{","1756":" ","1757":"u","1758":"s","1759":"e","1760":"M","1761":"o","1762":"v","1763":"i","1764":"e","1765":"s","1766":" ","1767":"}","1768":" ","1769":"f","1770":"r","1771":"o","1772":"m","1773":" ","1774":"\\","1775":"\"","1776":"@","1777":"/","1778":"c","1779":"o","1780":"m","1781":"p","1782":"o","1783":"s","1784":"a","1785":"b","1786":"l","1787":"e","1788":"s","1789":"/","1790":"u","1791":"s","1792":"e","1793":"M","1794":"o","1795":"v","1796":"i","1797":"e","1798":"s","1799":"\\","1800":"\"","1801":";","1802":"\\","1803":"r","1804":"\\","1805":"n","1806":"i","1807":"m","1808":"p","1809":"o","1810":"r","1811":"t","1812":" ","1813":"S","1814":"e","1815":"a","1816":"r","1817":"c","1818":"h","1819":"B","1820":"a","1821":"r","1822":" ","1823":"f","1824":"r","1825":"o","1826":"m","1827":" ","1828":"'","1829":"@","1830":"/","1831":"c","1832":"o","1833":"m","1834":"p","1835":"o","1836":"n","1837":"e","1838":"n","1839":"t","1840":"s","1841":"/","1842":"s","1843":"e","1844":"a","1845":"r","1846":"c","1847":"h","1848":"/","1849":"S","1850":"e","1851":"a","1852":"r","1853":"c","1854":"h","1855":"B","1856":"a","1857":"r","1858":".","1859":"v","1860":"u","1861":"e","1862":"'","1863":"\\","1864":"r","1865":"\\","1866":"n","1867":"i","1868":"m","1869":"p","1870":"o","1871":"r","1872":"t","1873":" ","1874":"M","1875":"o","1876":"v","1877":"i","1878":"e","1879":"G","1880":"r","1881":"i","1882":"d","1883":" ","1884":"f","1885":"r","1886":"o","1887":"m","1888":" ","1889":"\\","1890":"\"","1891":"@","1892":"/","1893":"c","1894":"o","1895":"m","1896":"p","1897":"o","1898":"n","1899":"e","1900":"n","1901":"t","1902":"s","1903":"/","1904":"m","1905":"o","1906":"v","1907":"i","1908":"e","1909":"s","1910":"/","1911":"M","1912":"o","1913":"v","1914":"i","1915":"e","1916":"G","1917":"r","1918":"i","1919":"d","1920":".","1921":"v","1922":"u","1923":"e","1924":"\\","1925":"\"","1926":";","1927":"\\","1928":"r","1929":"\\","1930":"n","1931":"i","1932":"m","1933":"p","1934":"o","1935":"r","1936":"t","1937":" ","1938":"P","1939":"a","1940":"g","1941":"i","1942":"n","1943":"a","1944":"t","1945":"i","1946":"o","1947":"n","1948":" ","1949":"f","1950":"r","1951":"o","1952":"m","1953":" ","1954":"\\","1955":"\"","1956":"@","1957":"/","1958":"c","1959":"o","1960":"m","1961":"p","1962":"o","1963":"n","1964":"e","1965":"n","1966":"t","1967":"s","1968":"/","1969":"n","1970":"a","1971":"v","1972":"i","1973":"g","1974":"a","1975":"t","1976":"i","1977":"o","1978":"n","1979":"/","1980":"P","1981":"a","1982":"g","1983":"i","1984":"n","1985":"a","1986":"t","1987":"i","1988":"o","1989":"n","1990":".","1991":"v","1992":"u","1993":"e","1994":"\\","1995":"\"","1996":";","1997":"\\","1998":"r","1999":"\\","2000":"n","2001":"\\","2002":"r","2003":"\\","2004":"n","2005":"e","2006":"x","2007":"p","2008":"o","2009":"r","2010":"t","2011":" ","2012":"d","2013":"e","2014":"f","2015":"a","2016":"u","2017":"l","2018":"t","2019":" ","2020":"d","2021":"e","2022":"f","2023":"i","2024":"n","2025":"e","2026":"C","2027":"o","2028":"m","2029":"p","2030":"o","2031":"n","2032":"e","2033":"n","2034":"t","2035":"(","2036":"{","2037":"\\","2038":"r","2039":"\\","2040":"n","2041":" ","2042":" ","2043":"n","2044":"a","2045":"m","2046":"e","2047":":","2048":" ","2049":"\\","2050":"\"","2051":"M","2052":"o","2053":"v","2054":"i","2055":"e","2056":"L","2057":"i","2058":"s","2059":"t","2060":"\\","2061":"\"","2062":",","2063":"\\","2064":"r","2065":"\\","2066":"n","2067":" ","2068":" ","2069":"c","2070":"o","2071":"m","2072":"p","2073":"o","2074":"n","2075":"e","2076":"n","2077":"t","2078":"s","2079":":","2080":" ","2081":"{","2082":"\\","2083":"r","2084":"\\","2085":"n","2086":" ","2087":" ","2088":" ","2089":" ","2090":"S","2091":"e","2092":"a","2093":"r","2094":"c","2095":"h","2096":"B","2097":"a","2098":"r","2099":",","2100":"\\","2101":"r","2102":"\\","2103":"n","2104":" ","2105":" ","2106":" ","2107":" ","2108":"M","2109":"o","2110":"v","2111":"i","2112":"e","2113":"G","2114":"r","2115":"i","2116":"d","2117":",","2118":"\\","2119":"r","2120":"\\","2121":"n","2122":" ","2123":" ","2124":" ","2125":" ","2126":"P","2127":"a","2128":"g","2129":"i","2130":"n","2131":"a","2132":"t","2133":"i","2134":"o","2135":"n","2136":",","2137":"\\","2138":"r","2139":"\\","2140":"n","2141":" ","2142":" ","2143":"}","2144":",","2145":"\\","2146":"r","2147":"\\","2148":"n","2149":" ","2150":" ","2151":"s","2152":"e","2153":"t","2154":"u","2155":"p","2156":"(","2157":")","2158":" ","2159":"{","2160":"\\","2161":"r","2162":"\\","2163":"n","2164":" ","2165":" ","2166":" ","2167":" ","2168":"c","2169":"o","2170":"n","2171":"s","2172":"t","2173":" ","2174":"s","2175":"t","2176":"o","2177":"r","2178":"e","2179":" ","2180":"=","2181":" ","2182":"u","2183":"s","2184":"e","2185":"S","2186":"t","2187":"o","2188":"r","2189":"e","2190":"(","2191":")","2192":";","2193":"\\","2194":"r","2195":"\\","2196":"n","2197":" ","2198":" ","2199":" ","2200":" ","2201":"c","2202":"o","2203":"n","2204":"s","2205":"t","2206":" ","2207":"{","2208":" ","2209":"s","2210":"e","2211":"a","2212":"r","2213":"c","2214":"h","2215":"M","2216":"o","2217":"v","2218":"i","2219":"e","2220":"s","2221":" ","2222":"}","2223":" ","2224":"=","2225":" ","2226":"u","2227":"s","2228":"e","2229":"M","2230":"o","2231":"v","2232":"i","2233":"e","2234":"s","2235":"(","2236":")","2237":";","2238":"\\","2239":"r","2240":"\\","2241":"n","2242":"\\","2243":"r","2244":"\\","2245":"n","2246":" ","2247":" ","2248":" ","2249":" ","2250":"o","2251":"n","2252":"M","2253":"o","2254":"u","2255":"n","2256":"t","2257":"e","2258":"d","2259":"(","2260":"(","2261":")","2262":" ","2263":"=","2264":">","2265":" ","2266":"{","2267":"\\","2268":"r","2269":"\\","2270":"n","2271":" ","2272":" ","2273":" ","2274":" ","2275":" ","2276":" ","2277":"/","2278":"/","2279":" ","2280":"T","2281":"h","2282":"i","2283":"s","2284":" ","2285":"w","2286":"i","2287":"l","2288":"l","2289":" ","2290":"l","2291":"o","2292":"a","2293":"d","2294":" ","2295":"a","2296":"l","2297":"l","2298":" ","2299":"m","2300":"o","2301":"v","2302":"i","2303":"e","2304":"s","2305":" ","2306":"o","2307":"n","2308":" ","2309":"i","2310":"n","2311":"i","2312":"t","2313":"i","2314":"a","2315":"l","2316":" ","2317":"m","2318":"o","2319":"u","2320":"n","2321":"t","2322":"\\","2323":"r","2324":"\\","2325":"n","2326":" ","2327":" ","2328":" ","2329":" ","2330":" ","2331":" ","2332":"s","2333":"e","2334":"a","2335":"r","2336":"c","2337":"h","2338":"M","2339":"o","2340":"v","2341":"i","2342":"e","2343":"s","2344":"(","2345":"\\","2346":"\"","2347":"m","2348":"o","2349":"v","2350":"i","2351":"e","2352":"\\","2353":"\"","2354":",","2355":" ","2356":"1","2357":")","2358":";","2359":"\\","2360":"r","2361":"\\","2362":"n","2363":" ","2364":" ","2365":" ","2366":" ","2367":"}","2368":")","2369":";","2370":"\\","2371":"r","2372":"\\","2373":"n","2374":"\\","2375":"r","2376":"\\","2377":"n","2378":" ","2379":" ","2380":" ","2381":" ","2382":"c","2383":"o","2384":"n","2385":"s","2386":"t","2387":" ","2388":"m","2389":"o","2390":"v","2391":"i","2392":"e","2393":"s","2394":" ","2395":"=","2396":" ","2397":"c","2398":"o","2399":"m","2400":"p","2401":"u","2402":"t","2403":"e","2404":"d","2405":"(","2406":"(","2407":")","2408":" ","2409":"=","2410":">","2411":" ","2412":"s","2413":"t","2414":"o","2415":"r","2416":"e","2417":".","2418":"s","2419":"t","2420":"a","2421":"t","2422":"e","2423":".","2424":"s","2425":"e","2426":"a","2427":"r","2428":"c","2429":"h","2430":"R","2431":"e","2432":"s","2433":"u","2434":"l","2435":"t","2436":"s","2437":")","2438":";","2439":"\\","2440":"r","2441":"\\","2442":"n","2443":" ","2444":" ","2445":" ","2446":" ","2447":"c","2448":"o","2449":"n","2450":"s","2451":"t","2452":" ","2453":"c","2454":"u","2455":"r","2456":"r","2457":"e","2458":"n","2459":"t","2460":"P","2461":"a","2462":"g","2463":"e","2464":" ","2465":"=","2466":" ","2467":"c","2468":"o","2469":"m","2470":"p","2471":"u","2472":"t","2473":"e","2474":"d","2475":"(","2476":"(","2477":")","2478":" ","2479":"=","2480":">","2481":" ","2482":"s","2483":"t","2484":"o","2485":"r","2486":"e","2487":".","2488":"s","2489":"t","2490":"a","2491":"t","2492":"e","2493":".","2494":"c","2495":"u","2496":"r","2497":"r","2498":"e","2499":"n","2500":"t","2501":"P","2502":"a","2503":"g","2504":"e","2505":")","2506":";","2507":"\\","2508":"r","2509":"\\","2510":"n","2511":" ","2512":" ","2513":" ","2514":" ","2515":"c","2516":"o","2517":"n","2518":"s","2519":"t","2520":" ","2521":"t","2522":"o","2523":"t","2524":"a","2525":"l","2526":"P","2527":"a","2528":"g","2529":"e","2530":"s","2531":" ","2532":"=","2533":" ","2534":"c","2535":"o","2536":"m","2537":"p","2538":"u","2539":"t","2540":"e","2541":"d","2542":"(","2543":"(","2544":")","2545":" ","2546":"=","2547":">","2548":" ","2549":"s","2550":"t","2551":"o","2552":"r","2553":"e","2554":".","2555":"s","2556":"t","2557":"a","2558":"t","2559":"e","2560":".","2561":"t","2562":"o","2563":"t","2564":"a","2565":"l","2566":"P","2567":"a","2568":"g","2569":"e","2570":"s","2571":")","2572":";","2573":"\\","2574":"r","2575":"\\","2576":"n","2577":"\\","2578":"r","2579":"\\","2580":"n","2581":" ","2582":" ","2583":" ","2584":" ","2585":"c","2586":"o","2587":"n","2588":"s","2589":"t","2590":" ","2591":"h","2592":"a","2593":"n","2594":"d","2595":"l","2596":"e","2597":"P","2598":"a","2599":"g","2600":"e","2601":"C","2602":"h","2603":"a","2604":"n","2605":"g","2606":"e","2607":" ","2608":"=","2609":" ","2610":"(","2611":"p","2612":"a","2613":"g","2614":"e","2615":":","2616":" ","2617":"n","2618":"u","2619":"m","2620":"b","2621":"e","2622":"r","2623":")","2624":" ","2625":"=","2626":">","2627":" ","2628":"{","2629":"\\","2630":"r","2631":"\\","2632":"n","2633":" ","2634":" ","2635":" ","2636":" ","2637":" ","2638":" ","2639":"c","2640":"o","2641":"n","2642":"s","2643":"t","2644":" ","2645":"q","2646":"u","2647":"e","2648":"r","2649":"y","2650":" ","2651":"=","2652":" ","2653":"s","2654":"t","2655":"o","2656":"r","2657":"e","2658":".","2659":"s","2660":"t","2661":"a","2662":"t","2663":"e","2664":".","2665":"s","2666":"e","2667":"a","2668":"r","2669":"c","2670":"h","2671":"Q","2672":"u","2673":"e","2674":"r","2675":"y","2676":" ","2677":"|","2678":"|","2679":" ","2680":"\\","2681":"\"","2682":"m","2683":"o","2684":"v","2685":"i","2686":"e","2687":"\\","2688":"\"","2689":";","2690":"\\","2691":"r","2692":"\\","2693":"n","2694":" ","2695":" ","2696":" ","2697":" ","2698":" ","2699":" ","2700":"s","2701":"e","2702":"a","2703":"r","2704":"c","2705":"h","2706":"M","2707":"o","2708":"v","2709":"i","2710":"e","2711":"s","2712":"(","2713":"q","2714":"u","2715":"e","2716":"r","2717":"y","2718":",","2719":" ","2720":"p","2721":"a","2722":"g","2723":"e","2724":")","2725":";","2726":"\\","2727":"r","2728":"\\","2729":"n","2730":" ","2731":" ","2732":" ","2733":" ","2734":"}","2735":";","2736":"\\","2737":"r","2738":"\\","2739":"n","2740":"\\","2741":"r","2742":"\\","2743":"n","2744":" ","2745":" ","2746":" ","2747":" ","2748":"r","2749":"e","2750":"t","2751":"u","2752":"r","2753":"n","2754":" ","2755":"{","2756":"\\","2757":"r","2758":"\\","2759":"n","2760":" ","2761":" ","2762":" ","2763":" ","2764":" ","2765":" ","2766":"m","2767":"o","2768":"v","2769":"i","2770":"e","2771":"s","2772":",","2773":"\\","2774":"r","2775":"\\","2776":"n","2777":" ","2778":" ","2779":" ","2780":" ","2781":" ","2782":" ","2783":"c","2784":"u","2785":"r","2786":"r","2787":"e","2788":"n","2789":"t","2790":"P","2791":"a","2792":"g","2793":"e","2794":",","2795":"\\","2796":"r","2797":"\\","2798":"n","2799":" ","2800":" ","2801":" ","2802":" ","2803":" ","2804":" ","2805":"t","2806":"o","2807":"t","2808":"a","2809":"l","2810":"P","2811":"a","2812":"g","2813":"e","2814":"s","2815":",","2816":"\\","2817":"r","2818":"\\","2819":"n","2820":" ","2821":" ","2822":" ","2823":" ","2824":" ","2825":" ","2826":"h","2827":"a","2828":"n","2829":"d","2830":"l","2831":"e","2832":"P","2833":"a","2834":"g","2835":"e","2836":"C","2837":"h","2838":"a","2839":"n","2840":"g","2841":"e","2842":",","2843":"\\","2844":"r","2845":"\\","2846":"n","2847":" ","2848":" ","2849":" ","2850":" ","2851":"}","2852":";","2853":"\\","2854":"r","2855":"\\","2856":"n","2857":" ","2858":" ","2859":"}","2860":",","2861":"\\","2862":"r","2863":"\\","2864":"n","2865":"}","2866":")","2867":";","2868":"\\","2869":"r","2870":"\\","2871":"n","2872":"<","2873":"/","2874":"s","2875":"c","2876":"r","2877":"i","2878":"p","2879":"t","2880":">","2881":"\\","2882":"r","2883":"\\","2884":"n","2885":"\\","2886":"r","2887":"\\","2888":"n","2889":"\"","2890":"]","2891":"}"}}
}
